16/10/2017 20:44:43 (Std) 	+-+-+-+-+-+-+-+-+-+-+-+-+-+-+-+-+-+-+-+-+-+-+-+-+-+-+-+-+-+-+-+-+-+-+-+-+-+-+-+
16/10/2017 20:44:43 (Std) 	+                     Crazy Eddie's GUI System - Event log                    +
16/10/2017 20:44:43 (Std) 	+                          (http://www.cegui.org.uk/)                         +
16/10/2017 20:44:43 (Std) 	+-+-+-+-+-+-+-+-+-+-+-+-+-+-+-+-+-+-+-+-+-+-+-+-+-+-+-+-+-+-+-+-+-+-+-+-+-+-+-+

16/10/2017 20:44:43 (Std) 	CEGUI::Logger singleton created. (0x253f720)
16/10/2017 20:44:43 (Std) 	
16/10/2017 20:44:43 (Std) 	********************************************************************************
16/10/2017 20:44:43 (Std) 	* Important:                                                                   *
16/10/2017 20:44:43 (Std) 	*     To get support at the CEGUI forums, you must post _at least_ the section *
16/10/2017 20:44:43 (Std) 	*     of this log file indicated below.  Failure to do this will result in no  *
16/10/2017 20:44:43 (Std) 	*     support being given; please do not waste our time.                       *
16/10/2017 20:44:43 (Std) 	********************************************************************************
16/10/2017 20:44:43 (Std) 	********************************************************************************
16/10/2017 20:44:43 (Std) 	* -------- START OF ESSENTIAL SECTION TO BE POSTED ON THE FORUM       -------- *
16/10/2017 20:44:43 (Std) 	********************************************************************************
16/10/2017 20:44:43 (Std) 	---- Version: 0.8.7 (Build: Oct  6 2017 GNU/Linux g++ 5.4.0 20160609 64 bit) ----
16/10/2017 20:44:43 (Std) 	---- Renderer module is: CEGUI::OgreRenderer - Official OGRE based 2nd generation renderer module. ----
16/10/2017 20:44:43 (Std) 	---- XML Parser module is: CEGUI::ExpatParser - Official expat based parser module for CEGUI ----
16/10/2017 20:44:43 (Std) 	---- Image Codec module is: OgreImageCodec - Integrated ImageCodec using the Ogre engine. ----
16/10/2017 20:44:43 (Std) 	---- Scripting module is: None ----
16/10/2017 20:44:43 (Std) 	********************************************************************************
16/10/2017 20:44:43 (Std) 	* -------- END OF ESSENTIAL SECTION TO BE POSTED ON THE FORUM         -------- *
16/10/2017 20:44:43 (Std) 	********************************************************************************
16/10/2017 20:44:43 (Std) 	
16/10/2017 20:44:43 (Std) 	---- Begining CEGUI System initialisation ----
16/10/2017 20:44:43 (Std) 	[CEGUI::ImageManager] Singleton created (0x2439c30)
16/10/2017 20:44:43 (Std) 	[CEGUI::ImageManager] Registered Image type: BasicImage
16/10/2017 20:44:43 (Std) 	CEGUI::FontManager singleton created. (0x2534510)
16/10/2017 20:44:43 (Std) 	CEGUI::WindowFactoryManager singleton created
16/10/2017 20:44:43 (Std) 	CEGUI::WindowManager singleton created (0x2534640)
16/10/2017 20:44:43 (Std) 	CEGUI::SchemeManager singleton created. (0x24398d0)
16/10/2017 20:44:43 (Std) 	CEGUI::GlobalEventSet singleton created. (0x25628e0)
16/10/2017 20:44:43 (Std) 	CEGUI::AnimationManager singleton created (0x2529540)
16/10/2017 20:44:43 (Std) 	CEGUI::WidgetLookManager singleton created. (0x2556ab0)
16/10/2017 20:44:43 (Std) 	CEGUI::WindowRendererManager singleton created (0x2438a50)
16/10/2017 20:44:43 (Std) 	CEGUI::RenderEffectManager singleton created (0x2438440)
16/10/2017 20:44:43 (Std) 	Created WindowFactory for 'DefaultWindow' windows.
16/10/2017 20:44:43 (Std) 	WindowFactory for 'DefaultWindow' windows added. (0x252a800)
16/10/2017 20:44:43 (Std) 	Created WindowFactory for 'DragContainer' windows.
16/10/2017 20:44:43 (Std) 	WindowFactory for 'DragContainer' windows added. (0x252a9a0)
16/10/2017 20:44:43 (Std) 	Created WindowFactory for 'ScrolledContainer' windows.
16/10/2017 20:44:43 (Std) 	WindowFactory for 'ScrolledContainer' windows added. (0x252ab40)
16/10/2017 20:44:43 (Std) 	Created WindowFactory for 'ClippedContainer' windows.
16/10/2017 20:44:43 (Std) 	WindowFactory for 'ClippedContainer' windows added. (0x252ace0)
16/10/2017 20:44:43 (Std) 	Created WindowFactory for 'CEGUI/PushButton' windows.
16/10/2017 20:44:43 (Std) 	WindowFactory for 'CEGUI/PushButton' windows added. (0x252ae80)
16/10/2017 20:44:43 (Std) 	Created WindowFactory for 'CEGUI/RadioButton' windows.
16/10/2017 20:44:43 (Std) 	WindowFactory for 'CEGUI/RadioButton' windows added. (0x252b020)
16/10/2017 20:44:43 (Std) 	Created WindowFactory for 'CEGUI/Combobox' windows.
16/10/2017 20:44:43 (Std) 	WindowFactory for 'CEGUI/Combobox' windows added. (0x252b1c0)
16/10/2017 20:44:43 (Std) 	Created WindowFactory for 'CEGUI/ComboDropList' windows.
16/10/2017 20:44:43 (Std) 	WindowFactory for 'CEGUI/ComboDropList' windows added. (0x252b360)
16/10/2017 20:44:43 (Std) 	Created WindowFactory for 'CEGUI/Editbox' windows.
16/10/2017 20:44:43 (Std) 	WindowFactory for 'CEGUI/Editbox' windows added. (0x252b500)
16/10/2017 20:44:43 (Std) 	Created WindowFactory for 'CEGUI/FrameWindow' windows.
16/10/2017 20:44:43 (Std) 	WindowFactory for 'CEGUI/FrameWindow' windows added. (0x252b6a0)
16/10/2017 20:44:43 (Std) 	Created WindowFactory for 'CEGUI/ItemEntry' windows.
16/10/2017 20:44:43 (Std) 	WindowFactory for 'CEGUI/ItemEntry' windows added. (0x252b840)
16/10/2017 20:44:43 (Std) 	Created WindowFactory for 'CEGUI/Listbox' windows.
16/10/2017 20:44:43 (Std) 	WindowFactory for 'CEGUI/Listbox' windows added. (0x252b9e0)
16/10/2017 20:44:43 (Std) 	Created WindowFactory for 'CEGUI/ListHeader' windows.
16/10/2017 20:44:43 (Std) 	WindowFactory for 'CEGUI/ListHeader' windows added. (0x252bb80)
16/10/2017 20:44:43 (Std) 	Created WindowFactory for 'CEGUI/ListHeaderSegment' windows.
16/10/2017 20:44:43 (Std) 	WindowFactory for 'CEGUI/ListHeaderSegment' windows added. (0x252bd20)
16/10/2017 20:44:43 (Std) 	Created WindowFactory for 'CEGUI/Menubar' windows.
16/10/2017 20:44:43 (Std) 	WindowFactory for 'CEGUI/Menubar' windows added. (0x252bec0)
16/10/2017 20:44:43 (Std) 	Created WindowFactory for 'CEGUI/PopupMenu' windows.
16/10/2017 20:44:43 (Std) 	WindowFactory for 'CEGUI/PopupMenu' windows added. (0x252c060)
16/10/2017 20:44:43 (Std) 	Created WindowFactory for 'CEGUI/MenuItem' windows.
16/10/2017 20:44:43 (Std) 	WindowFactory for 'CEGUI/MenuItem' windows added. (0x252c200)
16/10/2017 20:44:43 (Std) 	Created WindowFactory for 'CEGUI/MultiColumnList' windows.
16/10/2017 20:44:43 (Std) 	WindowFactory for 'CEGUI/MultiColumnList' windows added. (0x252c2c0)
16/10/2017 20:44:43 (Std) 	Created WindowFactory for 'CEGUI/MultiLineEditbox' windows.
16/10/2017 20:44:43 (Std) 	WindowFactory for 'CEGUI/MultiLineEditbox' windows added. (0x25355e0)
16/10/2017 20:44:43 (Std) 	Created WindowFactory for 'CEGUI/ProgressBar' windows.
16/10/2017 20:44:43 (Std) 	WindowFactory for 'CEGUI/ProgressBar' windows added. (0x2535780)
16/10/2017 20:44:43 (Std) 	Created WindowFactory for 'CEGUI/ScrollablePane' windows.
16/10/2017 20:44:43 (Std) 	WindowFactory for 'CEGUI/ScrollablePane' windows added. (0x2535920)
16/10/2017 20:44:43 (Std) 	Created WindowFactory for 'CEGUI/Scrollbar' windows.
16/10/2017 20:44:43 (Std) 	WindowFactory for 'CEGUI/Scrollbar' windows added. (0x2535ac0)
16/10/2017 20:44:43 (Std) 	Created WindowFactory for 'CEGUI/Slider' windows.
16/10/2017 20:44:43 (Std) 	WindowFactory for 'CEGUI/Slider' windows added. (0x2535c60)
16/10/2017 20:44:43 (Std) 	Created WindowFactory for 'CEGUI/Spinner' windows.
16/10/2017 20:44:43 (Std) 	WindowFactory for 'CEGUI/Spinner' windows added. (0x2535e00)
16/10/2017 20:44:43 (Std) 	Created WindowFactory for 'CEGUI/TabButton' windows.
16/10/2017 20:44:43 (Std) 	WindowFactory for 'CEGUI/TabButton' windows added. (0x2535fa0)
16/10/2017 20:44:43 (Std) 	Created WindowFactory for 'CEGUI/TabControl' windows.
16/10/2017 20:44:43 (Std) 	WindowFactory for 'CEGUI/TabControl' windows added. (0x2536140)
16/10/2017 20:44:43 (Std) 	Created WindowFactory for 'CEGUI/Thumb' windows.
16/10/2017 20:44:43 (Std) 	WindowFactory for 'CEGUI/Thumb' windows added. (0x25362e0)
16/10/2017 20:44:43 (Std) 	Created WindowFactory for 'CEGUI/Titlebar' windows.
16/10/2017 20:44:43 (Std) 	WindowFactory for 'CEGUI/Titlebar' windows added. (0x2536480)
16/10/2017 20:44:43 (Std) 	Created WindowFactory for 'CEGUI/ToggleButton' windows.
16/10/2017 20:44:43 (Std) 	WindowFactory for 'CEGUI/ToggleButton' windows added. (0x2536620)
16/10/2017 20:44:43 (Std) 	Created WindowFactory for 'CEGUI/Tooltip' windows.
16/10/2017 20:44:43 (Std) 	WindowFactory for 'CEGUI/Tooltip' windows added. (0x25367c0)
16/10/2017 20:44:43 (Std) 	Created WindowFactory for 'CEGUI/ItemListbox' windows.
16/10/2017 20:44:43 (Std) 	WindowFactory for 'CEGUI/ItemListbox' windows added. (0x2536960)
16/10/2017 20:44:43 (Std) 	Created WindowFactory for 'CEGUI/GroupBox' windows.
16/10/2017 20:44:43 (Std) 	WindowFactory for 'CEGUI/GroupBox' windows added. (0x2536b00)
16/10/2017 20:44:43 (Std) 	Created WindowFactory for 'CEGUI/Tree' windows.
16/10/2017 20:44:43 (Std) 	WindowFactory for 'CEGUI/Tree' windows added. (0x2536ca0)
16/10/2017 20:44:43 (Std) 	Created WindowFactory for 'LayoutCell' windows.
16/10/2017 20:44:43 (Std) 	WindowFactory for 'LayoutCell' windows added. (0x25353f0)
16/10/2017 20:44:43 (Std) 	Created WindowFactory for 'HorizontalLayoutContainer' windows.
16/10/2017 20:44:43 (Std) 	WindowFactory for 'HorizontalLayoutContainer' windows added. (0x2537130)
16/10/2017 20:44:43 (Std) 	Created WindowFactory for 'VerticalLayoutContainer' windows.
16/10/2017 20:44:43 (Std) 	WindowFactory for 'VerticalLayoutContainer' windows added. (0x25372d0)
16/10/2017 20:44:43 (Std) 	Created WindowFactory for 'GridLayoutContainer' windows.
16/10/2017 20:44:43 (Std) 	WindowFactory for 'GridLayoutContainer' windows added. (0x2537470)
16/10/2017 20:44:43 (Std) 	CEGUI::System singleton created. (0x253ec80)
16/10/2017 20:44:43 (Std) 	---- CEGUI System initialisation completed ----
16/10/2017 20:44:43 (Std) 	
16/10/2017 20:44:43 (Std) 	Started creation of Scheme from XML specification:
16/10/2017 20:44:43 (Std) 	---- CEGUI GUIScheme name: TaharezLook
16/10/2017 20:44:43 (Std) 	[ImageManager] Started creation of Imageset from XML specification:
16/10/2017 20:44:43 (Std) 	[ImageManager] ---- CEGUI Imageset name: TaharezLook
16/10/2017 20:44:43 (Std) 	[ImageManager] ---- Source texture file: TaharezLook.png
16/10/2017 20:44:43 (Std) 	[ImageManager] ---- Source texture resource group: (Default)
16/10/2017 20:44:43 (Std) 	[OgreRenderer] Created texture: TaharezLook
16/10/2017 20:44:43 (Std) 	[ImageManager] Created image: 'TaharezLook/ClientBrush' (0x254dc90) of type: BasicImage
16/10/2017 20:44:43 (Std) 	[ImageManager] Created image: 'TaharezLook/GenericBrush' (0x254df60) of type: BasicImage
16/10/2017 20:44:43 (Std) 	[ImageManager] Created image: 'TaharezLook/WindowLeftEdge' (0x254e7b0) of type: BasicImage
16/10/2017 20:44:43 (Std) 	[ImageManager] Created image: 'TaharezLook/WindowRightEdge' (0x254ea40) of type: BasicImage
16/10/2017 20:44:43 (Std) 	[ImageManager] Created image: 'TaharezLook/WindowTopEdge' (0x254d650) of type: BasicImage
16/10/2017 20:44:43 (Std) 	[ImageManager] Created image: 'TaharezLook/WindowBottomEdge' (0x2551760) of type: BasicImage
16/10/2017 20:44:43 (Std) 	[ImageManager] Created image: 'TaharezLook/WindowTopLeft' (0x254ec50) of type: BasicImage
16/10/2017 20:44:43 (Std) 	[ImageManager] Created image: 'TaharezLook/WindowTopRight' (0x254ee60) of type: BasicImage
16/10/2017 20:44:43 (Std) 	[ImageManager] Created image: 'TaharezLook/WindowBottomLeft' (0x254f070) of type: BasicImage
16/10/2017 20:44:43 (Std) 	[ImageManager] Created image: 'TaharezLook/WindowBottomRight' (0x254f280) of type: BasicImage
16/10/2017 20:44:43 (Std) 	[ImageManager] Created image: 'TaharezLook/ButtonLeftNormal' (0x254f490) of type: BasicImage
16/10/2017 20:44:43 (Std) 	[ImageManager] Created image: 'TaharezLook/ButtonMiddleNormal' (0x254f6a0) of type: BasicImage
16/10/2017 20:44:43 (Std) 	[ImageManager] Created image: 'TaharezLook/ButtonRightNormal' (0x254f8b0) of type: BasicImage
16/10/2017 20:44:43 (Std) 	[ImageManager] Created image: 'TaharezLook/ButtonLeftPushed' (0x254fac0) of type: BasicImage
16/10/2017 20:44:43 (Std) 	[ImageManager] Created image: 'TaharezLook/ButtonMiddlePushed' (0x254fff0) of type: BasicImage
16/10/2017 20:44:43 (Std) 	[ImageManager] Created image: 'TaharezLook/ButtonRightPushed' (0x254e620) of type: BasicImage
16/10/2017 20:44:43 (Std) 	[ImageManager] Created image: 'TaharezLook/ButtonLeftHighlight' (0x2552710) of type: BasicImage
16/10/2017 20:44:43 (Std) 	[ImageManager] Created image: 'TaharezLook/ButtonMiddleHighlight' (0x2552920) of type: BasicImage
16/10/2017 20:44:43 (Std) 	[ImageManager] Created image: 'TaharezLook/ButtonRightHighlight' (0x2552ce0) of type: BasicImage
16/10/2017 20:44:43 (Std) 	[ImageManager] Created image: 'TaharezLook/CheckboxNormal' (0x25530a0) of type: BasicImage
16/10/2017 20:44:43 (Std) 	[ImageManager] Created image: 'TaharezLook/CheckboxHover' (0x25532b0) of type: BasicImage
16/10/2017 20:44:43 (Std) 	[ImageManager] Created image: 'TaharezLook/CheckboxMark' (0x25534c0) of type: BasicImage
16/10/2017 20:44:43 (Std) 	[ImageManager] Created image: 'TaharezLook/RadioButtonNormal' (0x25536d0) of type: BasicImage
16/10/2017 20:44:43 (Std) 	[ImageManager] Created image: 'TaharezLook/RadioButtonHover' (0x25538e0) of type: BasicImage
16/10/2017 20:44:43 (Std) 	[ImageManager] Created image: 'TaharezLook/RadioButtonMark' (0x2553af0) of type: BasicImage
16/10/2017 20:44:43 (Std) 	[ImageManager] Created image: 'TaharezLook/TitlebarLeft' (0x2553d00) of type: BasicImage
16/10/2017 20:44:43 (Std) 	[ImageManager] Created image: 'TaharezLook/TitlebarMiddle' (0x2553f10) of type: BasicImage
16/10/2017 20:44:43 (Std) 	[ImageManager] Created image: 'TaharezLook/TitlebarRight' (0x2554120) of type: BasicImage
16/10/2017 20:44:43 (Std) 	[ImageManager] Created image: 'TaharezLook/NewTitlebarLeft' (0x2554330) of type: BasicImage
16/10/2017 20:44:43 (Std) 	[ImageManager] Created image: 'TaharezLook/NewTitlebarMiddle' (0x2554540) of type: BasicImage
16/10/2017 20:44:43 (Std) 	[ImageManager] Created image: 'TaharezLook/NewTitlebarRight' (0x2554750) of type: BasicImage
16/10/2017 20:44:43 (Std) 	[ImageManager] Created image: 'TaharezLook/SysAreaMiddle' (0x2554960) of type: BasicImage
16/10/2017 20:44:43 (Std) 	[ImageManager] Created image: 'TaharezLook/SysAreaRight' (0x2554b70) of type: BasicImage
16/10/2017 20:44:43 (Std) 	[ImageManager] Created image: 'TaharezLook/StaticLeft' (0x2554d80) of type: BasicImage
16/10/2017 20:44:43 (Std) 	[ImageManager] Created image: 'TaharezLook/StaticRight' (0x2554f90) of type: BasicImage
16/10/2017 20:44:43 (Std) 	[ImageManager] Created image: 'TaharezLook/StaticTop' (0x25551a0) of type: BasicImage
16/10/2017 20:44:43 (Std) 	[ImageManager] Created image: 'TaharezLook/StaticBottom' (0x25553b0) of type: BasicImage
16/10/2017 20:44:43 (Std) 	[ImageManager] Created image: 'TaharezLook/StaticTopLeft' (0x25555c0) of type: BasicImage
16/10/2017 20:44:43 (Std) 	[ImageManager] Created image: 'TaharezLook/StaticTopRight' (0x25557d0) of type: BasicImage
16/10/2017 20:44:43 (Std) 	[ImageManager] Created image: 'TaharezLook/StaticBottomLeft' (0x25559e0) of type: BasicImage
16/10/2017 20:44:43 (Std) 	[ImageManager] Created image: 'TaharezLook/StaticBottomRight' (0x2555bf0) of type: BasicImage
16/10/2017 20:44:43 (Std) 	[ImageManager] Created image: 'TaharezLook/StaticBackdrop' (0x2555e00) of type: BasicImage
16/10/2017 20:44:43 (Std) 	[ImageManager] Created image: 'TaharezLook/ProgressBarLeft' (0x2556010) of type: BasicImage
16/10/2017 20:44:43 (Std) 	[ImageManager] Created image: 'TaharezLook/ProgressBarMiddle' (0x2556220) of type: BasicImage
16/10/2017 20:44:43 (Std) 	[ImageManager] Created image: 'TaharezLook/ProgressBarRight' (0x254d1a0) of type: BasicImage
16/10/2017 20:44:43 (Std) 	[ImageManager] Created image: 'TaharezLook/ProgressBarDimSegment' (0x2556750) of type: BasicImage
16/10/2017 20:44:43 (Std) 	[ImageManager] Created image: 'TaharezLook/ProgressBarLitSegment' (0x2557660) of type: BasicImage
16/10/2017 20:44:43 (Std) 	[ImageManager] Created image: 'TaharezLook/EditBoxLeft' (0x2557a20) of type: BasicImage
16/10/2017 20:44:43 (Std) 	[ImageManager] Created image: 'TaharezLook/EditBoxMiddle' (0x2557c30) of type: BasicImage
16/10/2017 20:44:43 (Std) 	[ImageManager] Created image: 'TaharezLook/EditBoxRight' (0x2557e40) of type: BasicImage
16/10/2017 20:44:43 (Std) 	[ImageManager] Created image: 'TaharezLook/EditBoxCaret' (0x2558050) of type: BasicImage
16/10/2017 20:44:43 (Std) 	[ImageManager] Created image: 'TaharezLook/SpinnerUpNormal' (0x2558260) of type: BasicImage
16/10/2017 20:44:43 (Std) 	[ImageManager] Created image: 'TaharezLook/SpinnerDownNormal' (0x2558470) of type: BasicImage
16/10/2017 20:44:43 (Std) 	[ImageManager] Created image: 'TaharezLook/SpinnerUpHover' (0x2558680) of type: BasicImage
16/10/2017 20:44:43 (Std) 	[ImageManager] Created image: 'TaharezLook/SpinnerDownHover' (0x2558890) of type: BasicImage
16/10/2017 20:44:43 (Std) 	[ImageManager] Created image: 'TaharezLook/TextSelectionBrush' (0x2558aa0) of type: BasicImage
16/10/2017 20:44:43 (Std) 	[ImageManager] Created image: 'TaharezLook/VertScrollTop' (0x2558cb0) of type: BasicImage
16/10/2017 20:44:43 (Std) 	[ImageManager] Created image: 'TaharezLook/VertScrollMiddle' (0x2558ec0) of type: BasicImage
16/10/2017 20:44:43 (Std) 	[ImageManager] Created image: 'TaharezLook/VertScrollBottom' (0x25590d0) of type: BasicImage
16/10/2017 20:44:43 (Std) 	[ImageManager] Created image: 'TaharezLook/VertScrollBarSegment' (0x25592e0) of type: BasicImage
16/10/2017 20:44:43 (Std) 	[ImageManager] Created image: 'TaharezLook/VertScrollThumbNormal' (0x2559610) of type: BasicImage
16/10/2017 20:44:43 (Std) 	[ImageManager] Created image: 'TaharezLook/VertScrollThumbHover' (0x2559940) of type: BasicImage
16/10/2017 20:44:43 (Std) 	[ImageManager] Created image: 'TaharezLook/VertScrollUpNormal' (0x2559c70) of type: BasicImage
16/10/2017 20:44:43 (Std) 	[ImageManager] Created image: 'TaharezLook/VertScrollDownNormal' (0x2559e80) of type: BasicImage
16/10/2017 20:44:43 (Std) 	[ImageManager] Created image: 'TaharezLook/VertScrollUpHover' (0x255a1b0) of type: BasicImage
16/10/2017 20:44:43 (Std) 	[ImageManager] Created image: 'TaharezLook/VertScrollDownHover' (0x255a3c0) of type: BasicImage
16/10/2017 20:44:43 (Std) 	[ImageManager] Created image: 'TaharezLook/MiniVertScrollBarSegment' (0x255a5d0) of type: BasicImage
16/10/2017 20:44:43 (Std) 	[ImageManager] Created image: 'TaharezLook/MiniVertScrollThumbNormal' (0x255a9c0) of type: BasicImage
16/10/2017 20:44:43 (Std) 	[ImageManager] Created image: 'TaharezLook/MiniVertScrollThumbTopNormal' (0x255adb0) of type: BasicImage
16/10/2017 20:44:43 (Std) 	[ImageManager] Created image: 'TaharezLook/MiniVertScrollThumbMiddleNormal' (0x255b1d0) of type: BasicImage
16/10/2017 20:44:43 (Std) 	[ImageManager] Created image: 'TaharezLook/MiniVertScrollThumbBottomNormal' (0x255b620) of type: BasicImage
16/10/2017 20:44:43 (Std) 	[ImageManager] Created image: 'TaharezLook/MiniVertScrollThumbTopHover' (0x255b9b0) of type: BasicImage
16/10/2017 20:44:43 (Std) 	[ImageManager] Created image: 'TaharezLook/MiniVertScrollThumbMiddleHover' (0x255bdd0) of type: BasicImage
16/10/2017 20:44:43 (Std) 	[ImageManager] Created image: 'TaharezLook/MiniVertScrollThumbBottomHover' (0x255c160) of type: BasicImage
16/10/2017 20:44:43 (Std) 	[ImageManager] Created image: 'TaharezLook/MiniVertScrollThumbHover' (0x254e490) of type: BasicImage
16/10/2017 20:44:43 (Std) 	[ImageManager] Created image: 'TaharezLook/MiniVertScrollUpNormal' (0x2578750) of type: BasicImage
16/10/2017 20:44:43 (Std) 	[ImageManager] Created image: 'TaharezLook/MiniVertScrollDownNormal' (0x2578b40) of type: BasicImage
16/10/2017 20:44:43 (Std) 	[ImageManager] Created image: 'TaharezLook/MiniVertScrollUpHover' (0x2578e90) of type: BasicImage
16/10/2017 20:44:43 (Std) 	[ImageManager] Created image: 'TaharezLook/MiniVertScrollDownHover' (0x25791c0) of type: BasicImage
16/10/2017 20:44:43 (Std) 	[ImageManager] Created image: 'TaharezLook/VertSliderBody' (0x2579510) of type: BasicImage
16/10/2017 20:44:43 (Std) 	[ImageManager] Created image: 'TaharezLook/VertSliderThumbNormal' (0x2579720) of type: BasicImage
16/10/2017 20:44:43 (Std) 	[ImageManager] Created image: 'TaharezLook/VertSliderThumbHover' (0x2579a50) of type: BasicImage
16/10/2017 20:44:43 (Std) 	[ImageManager] Created image: 'TaharezLook/MiniHorzScrollBarSegment' (0x2579d80) of type: BasicImage
16/10/2017 20:44:43 (Std) 	[ImageManager] Created image: 'TaharezLook/MiniHorzScrollThumbNormal' (0x257a0d0) of type: BasicImage
16/10/2017 20:44:43 (Std) 	[ImageManager] Created image: 'TaharezLook/MiniHorzScrollThumbLeftNormal' (0x257a420) of type: BasicImage
16/10/2017 20:44:43 (Std) 	[ImageManager] Created image: 'TaharezLook/MiniHorzScrollThumbMiddleNormal' (0x257a840) of type: BasicImage
16/10/2017 20:44:43 (Std) 	[ImageManager] Created image: 'TaharezLook/MiniHorzScrollThumbRightNormal' (0x257ac90) of type: BasicImage
16/10/2017 20:44:43 (Std) 	[ImageManager] Created image: 'TaharezLook/MiniHorzScrollThumbHover' (0x257b020) of type: BasicImage
16/10/2017 20:44:43 (Std) 	[ImageManager] Created image: 'TaharezLook/MiniHorzScrollThumbLeftHover' (0x257b370) of type: BasicImage
16/10/2017 20:44:43 (Std) 	[ImageManager] Created image: 'TaharezLook/MiniHorzScrollThumbMiddleHover' (0x257b790) of type: BasicImage
16/10/2017 20:44:43 (Std) 	[ImageManager] Created image: 'TaharezLook/MiniHorzScrollThumbRightHover' (0x257bb20) of type: BasicImage
16/10/2017 20:44:43 (Std) 	[ImageManager] Created image: 'TaharezLook/MiniHorzScrollLeftNormal' (0x257be90) of type: BasicImage
16/10/2017 20:44:43 (Std) 	[ImageManager] Created image: 'TaharezLook/MiniHorzScrollRightNormal' (0x257c1e0) of type: BasicImage
16/10/2017 20:44:43 (Std) 	[ImageManager] Created image: 'TaharezLook/MiniHorzScrollLeftHover' (0x257c530) of type: BasicImage
16/10/2017 20:44:43 (Std) 	[ImageManager] Created image: 'TaharezLook/MiniHorzScrollRightHover' (0x257c880) of type: BasicImage
16/10/2017 20:44:43 (Std) 	[ImageManager] Created image: 'TaharezLook/ListboxLeft' (0x257cbd0) of type: BasicImage
16/10/2017 20:44:43 (Std) 	[ImageManager] Created image: 'TaharezLook/ListboxRight' (0x257cde0) of type: BasicImage
16/10/2017 20:44:43 (Std) 	[ImageManager] Created image: 'TaharezLook/ListboxTop' (0x257cff0) of type: BasicImage
16/10/2017 20:44:43 (Std) 	[ImageManager] Created image: 'TaharezLook/ListboxBottom' (0x257d200) of type: BasicImage
16/10/2017 20:44:43 (Std) 	[ImageManager] Created image: 'TaharezLook/ListboxTopLeft' (0x257d410) of type: BasicImage
16/10/2017 20:44:43 (Std) 	[ImageManager] Created image: 'TaharezLook/ListboxTopRight' (0x257d620) of type: BasicImage
16/10/2017 20:44:43 (Std) 	[ImageManager] Created image: 'TaharezLook/ListboxBottomLeft' (0x257d830) of type: BasicImage
16/10/2017 20:44:43 (Std) 	[ImageManager] Created image: 'TaharezLook/ListboxBottomRight' (0x257da40) of type: BasicImage
16/10/2017 20:44:43 (Std) 	[ImageManager] Created image: 'TaharezLook/ListboxBackdrop' (0x257dc50) of type: BasicImage
16/10/2017 20:44:43 (Std) 	[ImageManager] Created image: 'TaharezLook/ListboxSelectionBrush' (0x257de60) of type: BasicImage
16/10/2017 20:44:43 (Std) 	[ImageManager] Created image: 'TaharezLook/ComboboxEditLeft' (0x257e190) of type: BasicImage
16/10/2017 20:44:43 (Std) 	[ImageManager] Created image: 'TaharezLook/ComboboxEditMiddle' (0x257e3a0) of type: BasicImage
16/10/2017 20:44:43 (Std) 	[ImageManager] Created image: 'TaharezLook/ComboboxListButtonNormal' (0x257e5b0) of type: BasicImage
16/10/2017 20:44:43 (Std) 	[ImageManager] Created image: 'TaharezLook/ComboboxListButtonHover' (0x257e900) of type: BasicImage
16/10/2017 20:44:43 (Std) 	[ImageManager] Created image: 'TaharezLook/ComboboxListLeft' (0x257ec50) of type: BasicImage
16/10/2017 20:44:43 (Std) 	[ImageManager] Created image: 'TaharezLook/ComboboxListRight' (0x257ee60) of type: BasicImage
16/10/2017 20:44:43 (Std) 	[ImageManager] Created image: 'TaharezLook/ComboboxListTop' (0x257f070) of type: BasicImage
16/10/2017 20:44:43 (Std) 	[ImageManager] Created image: 'TaharezLook/ComboboxListBottom' (0x257f280) of type: BasicImage
16/10/2017 20:44:43 (Std) 	[ImageManager] Created image: 'TaharezLook/ComboboxListTopLeft' (0x257f490) of type: BasicImage
16/10/2017 20:44:43 (Std) 	[ImageManager] Created image: 'TaharezLook/ComboboxListTopRight' (0x257f6a0) of type: BasicImage
16/10/2017 20:44:43 (Std) 	[ImageManager] Created image: 'TaharezLook/ComboboxListBottomLeft' (0x257f9d0) of type: BasicImage
16/10/2017 20:44:43 (Std) 	[ImageManager] Created image: 'TaharezLook/ComboboxListBottomRight' (0x257fd20) of type: BasicImage
16/10/2017 20:44:43 (Std) 	[ImageManager] Created image: 'TaharezLook/ComboboxListBackdrop' (0x2580070) of type: BasicImage
16/10/2017 20:44:43 (Std) 	[ImageManager] Created image: 'TaharezLook/ComboboxSelectionBrush' (0x25803a0) of type: BasicImage
16/10/2017 20:44:43 (Std) 	[ImageManager] Created image: 'TaharezLook/ComboboxDividerLeft' (0x25806f0) of type: BasicImage
16/10/2017 20:44:43 (Std) 	[ImageManager] Created image: 'TaharezLook/ComboboxDividerMiddle' (0x2580900) of type: BasicImage
16/10/2017 20:44:43 (Std) 	[ImageManager] Created image: 'TaharezLook/ComboboxDividerRight' (0x2580c30) of type: BasicImage
16/10/2017 20:44:43 (Std) 	[ImageManager] Created image: 'TaharezLook/HeaderBarBackdropNormal' (0x2580f60) of type: BasicImage
16/10/2017 20:44:43 (Std) 	[ImageManager] Created image: 'TaharezLook/HeaderBarBackdropHover' (0x25812b0) of type: BasicImage
16/10/2017 20:44:43 (Std) 	[ImageManager] Created image: 'TaharezLook/HeaderBarSplitterNormal' (0x2581600) of type: BasicImage
16/10/2017 20:44:43 (Std) 	[ImageManager] Created image: 'TaharezLook/HeaderBarSplitterHover' (0x2581950) of type: BasicImage
16/10/2017 20:44:43 (Std) 	[ImageManager] Created image: 'TaharezLook/HeaderBarSortUp' (0x2581ca0) of type: BasicImage
16/10/2017 20:44:43 (Std) 	[ImageManager] Created image: 'TaharezLook/HeaderBarSortDown' (0x2581eb0) of type: BasicImage
16/10/2017 20:44:43 (Std) 	[ImageManager] Created image: 'TaharezLook/MultiListLeft' (0x25820c0) of type: BasicImage
16/10/2017 20:44:43 (Std) 	[ImageManager] Created image: 'TaharezLook/MultiListRight' (0x25822d0) of type: BasicImage
16/10/2017 20:44:43 (Std) 	[ImageManager] Created image: 'TaharezLook/MultiListTop' (0x25824e0) of type: BasicImage
16/10/2017 20:44:43 (Std) 	[ImageManager] Created image: 'TaharezLook/MultiListBottom' (0x25826f0) of type: BasicImage
16/10/2017 20:44:43 (Std) 	[ImageManager] Created image: 'TaharezLook/MultiListTopLeft' (0x2582900) of type: BasicImage
16/10/2017 20:44:43 (Std) 	[ImageManager] Created image: 'TaharezLook/MultiListTopRight' (0x2582b10) of type: BasicImage
16/10/2017 20:44:43 (Std) 	[ImageManager] Created image: 'TaharezLook/MultiListBottomLeft' (0x2582d20) of type: BasicImage
16/10/2017 20:44:43 (Std) 	[ImageManager] Created image: 'TaharezLook/MultiListBottomRight' (0x2582f30) of type: BasicImage
16/10/2017 20:44:43 (Std) 	[ImageManager] Created image: 'TaharezLook/MultiListBackdrop' (0x2583260) of type: BasicImage
16/10/2017 20:44:43 (Std) 	[ImageManager] Created image: 'TaharezLook/MultiListSelectionBrush' (0x2583470) of type: BasicImage
16/10/2017 20:44:43 (Std) 	[ImageManager] Created image: 'TaharezLook/AltProgressLeft' (0x25837c0) of type: BasicImage
16/10/2017 20:44:43 (Std) 	[ImageManager] Created image: 'TaharezLook/AltProgressMiddle' (0x25839d0) of type: BasicImage
16/10/2017 20:44:43 (Std) 	[ImageManager] Created image: 'TaharezLook/AltProgressRight' (0x2583be0) of type: BasicImage
16/10/2017 20:44:43 (Std) 	[ImageManager] Created image: 'TaharezLook/AltProgressQuarter' (0x2583df0) of type: BasicImage
16/10/2017 20:44:43 (Std) 	[ImageManager] Created image: 'TaharezLook/AltProgressHalf' (0x2584000) of type: BasicImage
16/10/2017 20:44:43 (Std) 	[ImageManager] Created image: 'TaharezLook/AltProgressLight1' (0x2584210) of type: BasicImage
16/10/2017 20:44:43 (Std) 	[ImageManager] Created image: 'TaharezLook/AltProgressLight2' (0x2584420) of type: BasicImage
16/10/2017 20:44:43 (Std) 	[ImageManager] Created image: 'TaharezLook/AltProgressLight3' (0x2584630) of type: BasicImage
16/10/2017 20:44:43 (Std) 	[ImageManager] Created image: 'TaharezLook/AltProgressLight4' (0x2584840) of type: BasicImage
16/10/2017 20:44:43 (Std) 	[ImageManager] Created image: 'TaharezLook/AltProgressLight5' (0x2584a50) of type: BasicImage
16/10/2017 20:44:43 (Std) 	[ImageManager] Created image: 'TaharezLook/AltProgressLight6' (0x2584c60) of type: BasicImage
16/10/2017 20:44:43 (Std) 	[ImageManager] Created image: 'TaharezLook/AltProgressLight7' (0x2584e70) of type: BasicImage
16/10/2017 20:44:43 (Std) 	[ImageManager] Created image: 'TaharezLook/AltProgressLight8' (0x2585080) of type: BasicImage
16/10/2017 20:44:43 (Std) 	[ImageManager] Created image: 'TaharezLook/AltProgressLight9' (0x2585290) of type: BasicImage
16/10/2017 20:44:43 (Std) 	[ImageManager] Created image: 'TaharezLook/AltProgressLight10' (0x254e300) of type: BasicImage
16/10/2017 20:44:43 (Std) 	[ImageManager] Created image: 'TaharezLook/CloseButtonNormal' (0x26057a0) of type: BasicImage
16/10/2017 20:44:43 (Std) 	[ImageManager] Created image: 'TaharezLook/CloseButtonHover' (0x26059b0) of type: BasicImage
16/10/2017 20:44:43 (Std) 	[ImageManager] Created image: 'TaharezLook/CloseButtonPressed' (0x2605bc0) of type: BasicImage
16/10/2017 20:44:43 (Std) 	[ImageManager] Created image: 'TaharezLook/NewCloseButtonNormal' (0x2605dd0) of type: BasicImage
16/10/2017 20:44:43 (Std) 	[ImageManager] Created image: 'TaharezLook/NewCloseButtonHover' (0x2605fe0) of type: BasicImage
16/10/2017 20:44:43 (Std) 	[ImageManager] Created image: 'TaharezLook/NewCloseButtonPressed' (0x26061f0) of type: BasicImage
16/10/2017 20:44:43 (Std) 	[ImageManager] Created image: 'TaharezLook/MultiLineEditboxLeft' (0x2606400) of type: BasicImage
16/10/2017 20:44:43 (Std) 	[ImageManager] Created image: 'TaharezLook/MultiLineEditboxRight' (0x2606610) of type: BasicImage
16/10/2017 20:44:43 (Std) 	[ImageManager] Created image: 'TaharezLook/MultiLineEditboxTop' (0x2606820) of type: BasicImage
16/10/2017 20:44:43 (Std) 	[ImageManager] Created image: 'TaharezLook/MultiLineEditboxBottom' (0x2606a30) of type: BasicImage
16/10/2017 20:44:43 (Std) 	[ImageManager] Created image: 'TaharezLook/MultiLineEditboxTopLeft' (0x2606e20) of type: BasicImage
16/10/2017 20:44:43 (Std) 	[ImageManager] Created image: 'TaharezLook/MultiLineEditboxTopRight' (0x2607170) of type: BasicImage
16/10/2017 20:44:43 (Std) 	[ImageManager] Created image: 'TaharezLook/MultiLineEditboxBottomLeft' (0x26077e0) of type: BasicImage
16/10/2017 20:44:43 (Std) 	[ImageManager] Created image: 'TaharezLook/MultiLineEditboxBottomRight' (0x2607aa0) of type: BasicImage
16/10/2017 20:44:43 (Std) 	[ImageManager] Created image: 'TaharezLook/MultiLineEditboxBackdrop' (0x2607e10) of type: BasicImage
16/10/2017 20:44:43 (Std) 	[ImageManager] Created image: 'TaharezLook/MultiLineEditboxSelectionBrush' (0x25511e0) of type: BasicImage
16/10/2017 20:44:43 (Std) 	[ImageManager] Created image: 'TaharezLook/MouseTarget' (0x2608bf0) of type: BasicImage
16/10/2017 20:44:43 (Std) 	[ImageManager] Created image: 'TaharezLook/MouseArrow' (0x26085b0) of type: BasicImage
16/10/2017 20:44:43 (Std) 	[ImageManager] Created image: 'TaharezLook/MouseMoveCursor' (0x2609120) of type: BasicImage
16/10/2017 20:44:43 (Std) 	[ImageManager] Created image: 'TaharezLook/MouseNoSoCursor' (0x2609240) of type: BasicImage
16/10/2017 20:44:43 (Std) 	[ImageManager] Created image: 'TaharezLook/MouseEsWeCursor' (0x2609450) of type: BasicImage
16/10/2017 20:44:43 (Std) 	[ImageManager] Created image: 'TaharezLook/MouseNeSwCursor' (0x2609660) of type: BasicImage
16/10/2017 20:44:43 (Std) 	[ImageManager] Created image: 'TaharezLook/MouseNwSeCursor' (0x2609870) of type: BasicImage
16/10/2017 20:44:43 (Std) 	[ImageManager] Created image: 'TaharezLook/MouseTextBar' (0x2609a80) of type: BasicImage
16/10/2017 20:44:43 (Std) 	[ImageManager] Created image: 'TaharezLook/TabHorizontalFiller' (0x2556430) of type: BasicImage
16/10/2017 20:44:43 (Std) 	[ImageManager] Created image: 'TaharezLook/TabContentPaneUpperLeft' (0x2608020) of type: BasicImage
16/10/2017 20:44:43 (Std) 	[ImageManager] Created image: 'TaharezLook/TabContentPaneUpper' (0x2609c90) of type: BasicImage
16/10/2017 20:44:43 (Std) 	[ImageManager] Created image: 'TaharezLook/TabContentPaneUpperRight' (0x2609db0) of type: BasicImage
16/10/2017 20:44:43 (Std) 	[ImageManager] Created image: 'TaharezLook/TabContentPaneLeft' (0x2609fc0) of type: BasicImage
16/10/2017 20:44:43 (Std) 	[ImageManager] Created image: 'TaharezLook/TabContentPaneRight' (0x260a1d0) of type: BasicImage
16/10/2017 20:44:43 (Std) 	[ImageManager] Created image: 'TaharezLook/TabContentPaneLower' (0x260a3e0) of type: BasicImage
16/10/2017 20:44:43 (Std) 	[ImageManager] Created image: 'TaharezLook/TabContentPaneLowerLeft' (0x260a5f0) of type: BasicImage
16/10/2017 20:44:43 (Std) 	[ImageManager] Created image: 'TaharezLook/TabContentPaneLowerRight' (0x260a940) of type: BasicImage
16/10/2017 20:44:43 (Std) 	[ImageManager] Created image: 'TaharezLook/TabContentPaneMiddle' (0x260ac90) of type: BasicImage
16/10/2017 20:44:43 (Std) 	[ImageManager] Created image: 'TaharezLook/TabButtonScrollLeftNormal' (0x260aea0) of type: BasicImage
16/10/2017 20:44:43 (Std) 	[ImageManager] Created image: 'TaharezLook/TabButtonScrollRightNormal' (0x260b5b0) of type: BasicImage
16/10/2017 20:44:43 (Std) 	[ImageManager] Created image: 'TaharezLook/TabButtonScrollLeftHover' (0x2608f90) of type: BasicImage
16/10/2017 20:44:43 (Std) 	[ImageManager] Created image: 'TaharezLook/TabButtonScrollRightHover' (0x260ba00) of type: BasicImage
16/10/2017 20:44:43 (Std) 	[ImageManager] Created image: 'TaharezLook/TabButtonLeftNormal' (0x260bd50) of type: BasicImage
16/10/2017 20:44:43 (Std) 	[ImageManager] Created image: 'TaharezLook/TabButtonRightNormal' (0x260bf60) of type: BasicImage
16/10/2017 20:44:43 (Std) 	[ImageManager] Created image: 'TaharezLook/TabButtonUpperNormal' (0x260c170) of type: BasicImage
16/10/2017 20:44:43 (Std) 	[ImageManager] Created image: 'TaharezLook/TabButtonLowerNormal' (0x260c4a0) of type: BasicImage
16/10/2017 20:44:43 (Std) 	[ImageManager] Created image: 'TaharezLook/TabButtonUpperLeftNormal' (0x260caf0) of type: BasicImage
16/10/2017 20:44:43 (Std) 	[ImageManager] Created image: 'TaharezLook/TabButtonUpperLeft2Normal' (0x260cda0) of type: BasicImage
16/10/2017 20:44:43 (Std) 	[ImageManager] Created image: 'TaharezLook/TabButtonUpperRightNormal' (0x260d0f0) of type: BasicImage
16/10/2017 20:44:43 (Std) 	[ImageManager] Created image: 'TaharezLook/TabButtonLowerLeftNormal' (0x260d440) of type: BasicImage
16/10/2017 20:44:43 (Std) 	[ImageManager] Created image: 'TaharezLook/TabButtonLowerRightNormal' (0x260d790) of type: BasicImage
16/10/2017 20:44:43 (Std) 	[ImageManager] Created image: 'TaharezLook/TabButtonLowerRight2Normal' (0x260de00) of type: BasicImage
16/10/2017 20:44:43 (Std) 	[ImageManager] Created image: 'TaharezLook/TabButtonMiddleNormal' (0x254d9f0) of type: BasicImage
16/10/2017 20:44:43 (Std) 	[ImageManager] Created image: 'TaharezLook/TabButtonLeftSelected' (0x260e1b0) of type: BasicImage
16/10/2017 20:44:43 (Std) 	[ImageManager] Created image: 'TaharezLook/TabButtonRightSelected' (0x260e550) of type: BasicImage
16/10/2017 20:44:43 (Std) 	[ImageManager] Created image: 'TaharezLook/TabButtonUpperSelected' (0x260e8a0) of type: BasicImage
16/10/2017 20:44:43 (Std) 	[ImageManager] Created image: 'TaharezLook/TabButtonLowerSelected' (0x260ebf0) of type: BasicImage
16/10/2017 20:44:43 (Std) 	[ImageManager] Created image: 'TaharezLook/TabButtonUpperLeftSelected' (0x260f260) of type: BasicImage
16/10/2017 20:44:43 (Std) 	[ImageManager] Created image: 'TaharezLook/TabButtonUpperRightSelected' (0x260f520) of type: BasicImage
16/10/2017 20:44:43 (Std) 	[ImageManager] Created image: 'TaharezLook/TabButtonLowerLeftSelected' (0x260f890) of type: BasicImage
16/10/2017 20:44:43 (Std) 	[ImageManager] Created image: 'TaharezLook/TabButtonLowerRightSelected' (0x260fc00) of type: BasicImage
16/10/2017 20:44:43 (Std) 	[ImageManager] Created image: 'TaharezLook/TabButtonMiddleSelected' (0x260ff70) of type: BasicImage
16/10/2017 20:44:43 (Std) 	[ImageManager] Created image: 'TaharezLook/TooltipTopLeft' (0x2610180) of type: BasicImage
16/10/2017 20:44:43 (Std) 	[ImageManager] Created image: 'TaharezLook/TooltipTopRight' (0x2610390) of type: BasicImage
16/10/2017 20:44:43 (Std) 	[ImageManager] Created image: 'TaharezLook/TooltipBottomLeft' (0x26105a0) of type: BasicImage
16/10/2017 20:44:43 (Std) 	[ImageManager] Created image: 'TaharezLook/TooltipBottomRight' (0x26107b0) of type: BasicImage
16/10/2017 20:44:43 (Std) 	[ImageManager] Created image: 'TaharezLook/TooltipLeftEdge' (0x26109c0) of type: BasicImage
16/10/2017 20:44:43 (Std) 	[ImageManager] Created image: 'TaharezLook/TooltipRightEdge' (0x2610bd0) of type: BasicImage
16/10/2017 20:44:43 (Std) 	[ImageManager] Created image: 'TaharezLook/TooltipTopEdge' (0x2610de0) of type: BasicImage
16/10/2017 20:44:43 (Std) 	[ImageManager] Created image: 'TaharezLook/TooltipBottomEdge' (0x2610ff0) of type: BasicImage
16/10/2017 20:44:43 (Std) 	[ImageManager] Created image: 'TaharezLook/TooltipMiddle' (0x2611200) of type: BasicImage
16/10/2017 20:44:43 (Std) 	[ImageManager] Created image: 'TaharezLook/MenuTopLeft' (0x2611410) of type: BasicImage
16/10/2017 20:44:43 (Std) 	[ImageManager] Created image: 'TaharezLook/MenuTopRight' (0x2611620) of type: BasicImage
16/10/2017 20:44:43 (Std) 	[ImageManager] Created image: 'TaharezLook/MenuBottomLeft' (0x2611830) of type: BasicImage
16/10/2017 20:44:43 (Std) 	[ImageManager] Created image: 'TaharezLook/MenuBottomRight' (0x2611a40) of type: BasicImage
16/10/2017 20:44:43 (Std) 	[ImageManager] Created image: 'TaharezLook/MenuLeft' (0x2611c50) of type: BasicImage
16/10/2017 20:44:43 (Std) 	[ImageManager] Created image: 'TaharezLook/MenuRight' (0x2611e60) of type: BasicImage
16/10/2017 20:44:43 (Std) 	[ImageManager] Created image: 'TaharezLook/MenuTop' (0x2612070) of type: BasicImage
16/10/2017 20:44:43 (Std) 	[ImageManager] Created image: 'TaharezLook/MenuBottom' (0x2612280) of type: BasicImage
16/10/2017 20:44:43 (Std) 	[ImageManager] Created image: 'TaharezLook/MenuMiddle' (0x2612490) of type: BasicImage
16/10/2017 20:44:43 (Std) 	[ImageManager] Created image: 'TaharezLook/PopupMenuFrameTopLeft' (0x26126a0) of type: BasicImage
16/10/2017 20:44:43 (Std) 	[ImageManager] Created image: 'TaharezLook/PopupMenuFrameTopRight' (0x26128b0) of type: BasicImage
16/10/2017 20:44:43 (Std) 	[ImageManager] Created image: 'TaharezLook/PopupMenuFrameBottomLeft' (0x2612ca0) of type: BasicImage
16/10/2017 20:44:43 (Std) 	[ImageManager] Created image: 'TaharezLook/PopupMenuFrameBottomRight' (0x2612ff0) of type: BasicImage
16/10/2017 20:44:43 (Std) 	[ImageManager] Created image: 'TaharezLook/PopupMenuFrameLeft' (0x2613340) of type: BasicImage
16/10/2017 20:44:43 (Std) 	[ImageManager] Created image: 'TaharezLook/PopupMenuFrameRight' (0x2613550) of type: BasicImage
16/10/2017 20:44:43 (Std) 	[ImageManager] Created image: 'TaharezLook/PopupMenuFrameTop' (0x2613760) of type: BasicImage
16/10/2017 20:44:43 (Std) 	[ImageManager] Created image: 'TaharezLook/PopupMenuFrameBottom' (0x2613970) of type: BasicImage
16/10/2017 20:44:43 (Std) 	[ImageManager] Created image: 'TaharezLook/PopupMenuMiddle' (0x2613b80) of type: BasicImage
16/10/2017 20:44:43 (Std) 	[ImageManager] Created image: 'TaharezLook/PopupMenuArrowRight' (0x2613d90) of type: BasicImage
16/10/2017 20:44:43 (Std) 	[ImageManager] Created image: 'TaharezLook/PopupMenuArrowLeft' (0x2613fa0) of type: BasicImage
16/10/2017 20:44:43 (Std) 	[ImageManager] Created image: 'TaharezLook/TreeListClosed' (0x26141b0) of type: BasicImage
16/10/2017 20:44:43 (Std) 	[ImageManager] Created image: 'TaharezLook/TreeListOpened' (0x26143c0) of type: BasicImage
16/10/2017 20:44:43 (Std) 	[ImageManager] Created image: 'TaharezLook/UpArrow' (0x26145d0) of type: BasicImage
16/10/2017 20:44:43 (Std) 	===== Falagard 'root' element: look and feel parsing begins =====
16/10/2017 20:44:43 (Std) 	===== Look and feel parsing completed =====
16/10/2017 20:44:43 (Std) 	No window renderer factories specified for module 'CEGUICoreWindowRendererSet' - adding all available factories...
16/10/2017 20:44:43 (Std) 	Created WindowRendererFactory for 'Core/Button' WindowRenderers.
16/10/2017 20:44:43 (Std) 	WindowRendererFactory 'Core/Button' added. (0x287fb90)
16/10/2017 20:44:43 (Std) 	Created WindowRendererFactory for 'Core/Default' WindowRenderers.
16/10/2017 20:44:43 (Std) 	WindowRendererFactory 'Core/Default' added. (0x287fd30)
16/10/2017 20:44:43 (Std) 	Created WindowRendererFactory for 'Core/Editbox' WindowRenderers.
16/10/2017 20:44:43 (Std) 	WindowRendererFactory 'Core/Editbox' added. (0x285d760)
16/10/2017 20:44:43 (Std) 	Created WindowRendererFactory for 'Core/FrameWindow' WindowRenderers.
16/10/2017 20:44:43 (Std) 	WindowRendererFactory 'Core/FrameWindow' added. (0x285d900)
16/10/2017 20:44:43 (Std) 	Created WindowRendererFactory for 'Core/ItemEntry' WindowRenderers.
16/10/2017 20:44:43 (Std) 	WindowRendererFactory 'Core/ItemEntry' added. (0x2550d70)
16/10/2017 20:44:43 (Std) 	Created WindowRendererFactory for 'Core/ListHeader' WindowRenderers.
16/10/2017 20:44:43 (Std) 	WindowRendererFactory 'Core/ListHeader' added. (0x2550f10)
16/10/2017 20:44:43 (Std) 	Created WindowRendererFactory for 'Core/ListHeaderSegment' WindowRenderers.
16/10/2017 20:44:43 (Std) 	WindowRendererFactory 'Core/ListHeaderSegment' added. (0x281ec20)
16/10/2017 20:44:43 (Std) 	Created WindowRendererFactory for 'Core/Listbox' WindowRenderers.
16/10/2017 20:44:43 (Std) 	WindowRendererFactory 'Core/Listbox' added. (0x281edc0)
16/10/2017 20:44:43 (Std) 	Created WindowRendererFactory for 'Core/Menubar' WindowRenderers.
16/10/2017 20:44:43 (Std) 	WindowRendererFactory 'Core/Menubar' added. (0x281ee80)
16/10/2017 20:44:43 (Std) 	Created WindowRendererFactory for 'Core/MenuItem' WindowRenderers.
16/10/2017 20:44:43 (Std) 	WindowRendererFactory 'Core/MenuItem' added. (0x27e3ce0)
16/10/2017 20:44:43 (Std) 	Created WindowRendererFactory for 'Core/MultiColumnList' WindowRenderers.
16/10/2017 20:44:43 (Std) 	WindowRendererFactory 'Core/MultiColumnList' added. (0x2561df0)
16/10/2017 20:44:43 (Std) 	Created WindowRendererFactory for 'Core/MultiLineEditbox' WindowRenderers.
16/10/2017 20:44:43 (Std) 	WindowRendererFactory 'Core/MultiLineEditbox' added. (0x2561f90)
16/10/2017 20:44:43 (Std) 	Created WindowRendererFactory for 'Core/PopupMenu' WindowRenderers.
16/10/2017 20:44:43 (Std) 	WindowRendererFactory 'Core/PopupMenu' added. (0x2562130)
16/10/2017 20:44:43 (Std) 	Created WindowRendererFactory for 'Core/ProgressBar' WindowRenderers.
16/10/2017 20:44:43 (Std) 	WindowRendererFactory 'Core/ProgressBar' added. (0x25622d0)
16/10/2017 20:44:43 (Std) 	Created WindowRendererFactory for 'Core/ScrollablePane' WindowRenderers.
16/10/2017 20:44:43 (Std) 	WindowRendererFactory 'Core/ScrollablePane' added. (0x255c730)
16/10/2017 20:44:43 (Std) 	Created WindowRendererFactory for 'Core/Scrollbar' WindowRenderers.
16/10/2017 20:44:43 (Std) 	WindowRendererFactory 'Core/Scrollbar' added. (0x255c8d0)
16/10/2017 20:44:43 (Std) 	Created WindowRendererFactory for 'Core/Slider' WindowRenderers.
16/10/2017 20:44:43 (Std) 	WindowRendererFactory 'Core/Slider' added. (0x255ca70)
16/10/2017 20:44:43 (Std) 	Created WindowRendererFactory for 'Core/Static' WindowRenderers.
16/10/2017 20:44:43 (Std) 	WindowRendererFactory 'Core/Static' added. (0x289cd50)
16/10/2017 20:44:43 (Std) 	Created WindowRendererFactory for 'Core/StaticImage' WindowRenderers.
16/10/2017 20:44:43 (Std) 	WindowRendererFactory 'Core/StaticImage' added. (0x289cef0)
16/10/2017 20:44:43 (Std) 	Created WindowRendererFactory for 'Core/StaticText' WindowRenderers.
16/10/2017 20:44:43 (Std) 	WindowRendererFactory 'Core/StaticText' added. (0x289d090)
16/10/2017 20:44:43 (Std) 	Created WindowRendererFactory for 'Core/TabButton' WindowRenderers.
16/10/2017 20:44:43 (Std) 	WindowRendererFactory 'Core/TabButton' added. (0x289d230)
16/10/2017 20:44:43 (Std) 	Created WindowRendererFactory for 'Core/TabControl' WindowRenderers.
16/10/2017 20:44:43 (Std) 	WindowRendererFactory 'Core/TabControl' added. (0x289d3d0)
16/10/2017 20:44:43 (Std) 	Created WindowRendererFactory for 'Core/Titlebar' WindowRenderers.
16/10/2017 20:44:43 (Std) 	WindowRendererFactory 'Core/Titlebar' added. (0x289d570)
16/10/2017 20:44:43 (Std) 	Created WindowRendererFactory for 'Core/ToggleButton' WindowRenderers.
16/10/2017 20:44:43 (Std) 	WindowRendererFactory 'Core/ToggleButton' added. (0x289d710)
16/10/2017 20:44:43 (Std) 	Created WindowRendererFactory for 'Core/Tooltip' WindowRenderers.
16/10/2017 20:44:43 (Std) 	WindowRendererFactory 'Core/Tooltip' added. (0x289d8b0)
16/10/2017 20:44:43 (Std) 	Created WindowRendererFactory for 'Core/ItemListbox' WindowRenderers.
16/10/2017 20:44:43 (Std) 	WindowRendererFactory 'Core/ItemListbox' added. (0x289f390)
16/10/2017 20:44:43 (Std) 	Created WindowRendererFactory for 'Core/Tree' WindowRenderers.
16/10/2017 20:44:43 (Std) 	WindowRendererFactory 'Core/Tree' added. (0x289f530)
16/10/2017 20:44:43 (Std) 	Creating falagard mapping for type 'TaharezLook/Label' using base type 'DefaultWindow', window renderer 'Core/Default' Look'N'Feel 'TaharezLook/Label' and RenderEffect ''. (0x7ffc5d043310)
16/10/2017 20:44:43 (Std) 	Creating falagard mapping for type 'TaharezLook/Button' using base type 'CEGUI/PushButton', window renderer 'Core/Button' Look'N'Feel 'TaharezLook/Button' and RenderEffect ''. (0x7ffc5d043310)
16/10/2017 20:44:43 (Std) 	Creating falagard mapping for type 'TaharezLook/Checkbox' using base type 'CEGUI/ToggleButton', window renderer 'Core/ToggleButton' Look'N'Feel 'TaharezLook/Checkbox' and RenderEffect ''. (0x7ffc5d043310)
16/10/2017 20:44:43 (Std) 	Creating falagard mapping for type 'TaharezLook/ImageButton' using base type 'CEGUI/PushButton', window renderer 'Core/Button' Look'N'Feel 'TaharezLook/ImageButton' and RenderEffect ''. (0x7ffc5d043310)
16/10/2017 20:44:43 (Std) 	Creating falagard mapping for type 'TaharezLook/RadioButton' using base type 'CEGUI/RadioButton', window renderer 'Core/ToggleButton' Look'N'Feel 'TaharezLook/RadioButton' and RenderEffect ''. (0x7ffc5d043310)
16/10/2017 20:44:43 (Std) 	Creating falagard mapping for type 'TaharezLook/FrameWindow' using base type 'CEGUI/FrameWindow', window renderer 'Core/FrameWindow' Look'N'Feel 'TaharezLook/FrameWindow' and RenderEffect ''. (0x7ffc5d043310)
16/10/2017 20:44:43 (Std) 	Creating falagard mapping for type 'TaharezLook/Titlebar' using base type 'CEGUI/Titlebar', window renderer 'Core/Titlebar' Look'N'Feel 'TaharezLook/Titlebar' and RenderEffect ''. (0x7ffc5d043310)
16/10/2017 20:44:43 (Std) 	Creating falagard mapping for type 'TaharezLook/Editbox' using base type 'CEGUI/Editbox', window renderer 'Core/Editbox' Look'N'Feel 'TaharezLook/Editbox' and RenderEffect ''. (0x7ffc5d043310)
16/10/2017 20:44:43 (Std) 	Creating falagard mapping for type 'TaharezLook/MultiLineEditbox' using base type 'CEGUI/MultiLineEditbox', window renderer 'Core/MultiLineEditbox' Look'N'Feel 'TaharezLook/MultiLineEditbox' and RenderEffect ''. (0x7ffc5d043310)
16/10/2017 20:44:43 (Std) 	Creating falagard mapping for type 'TaharezLook/Menubar' using base type 'CEGUI/Menubar', window renderer 'Core/Menubar' Look'N'Feel 'TaharezLook/Menubar' and RenderEffect ''. (0x7ffc5d043310)
16/10/2017 20:44:43 (Std) 	Creating falagard mapping for type 'TaharezLook/PopupMenu' using base type 'CEGUI/PopupMenu', window renderer 'Core/PopupMenu' Look'N'Feel 'TaharezLook/PopupMenu' and RenderEffect ''. (0x7ffc5d043310)
16/10/2017 20:44:43 (Std) 	Creating falagard mapping for type 'TaharezLook/MenuItem' using base type 'CEGUI/MenuItem', window renderer 'Core/MenuItem' Look'N'Feel 'TaharezLook/MenuItem' and RenderEffect ''. (0x7ffc5d043310)
16/10/2017 20:44:43 (Std) 	Creating falagard mapping for type 'TaharezLook/AlternateProgressBar' using base type 'CEGUI/ProgressBar', window renderer 'Core/ProgressBar' Look'N'Feel 'TaharezLook/AltProgressBar' and RenderEffect ''. (0x7ffc5d043310)
16/10/2017 20:44:43 (Std) 	Creating falagard mapping for type 'TaharezLook/ProgressBar' using base type 'CEGUI/ProgressBar', window renderer 'Core/ProgressBar' Look'N'Feel 'TaharezLook/ProgressBar' and RenderEffect ''. (0x7ffc5d043310)
16/10/2017 20:44:43 (Std) 	Creating falagard mapping for type 'TaharezLook/VUMeter' using base type 'CEGUI/ProgressBar', window renderer 'Core/ProgressBar' Look'N'Feel 'TaharezLook/VUMeter' and RenderEffect ''. (0x7ffc5d043310)
16/10/2017 20:44:43 (Std) 	Creating falagard mapping for type 'TaharezLook/VerticalScrollbar' using base type 'CEGUI/Scrollbar', window renderer 'Core/Scrollbar' Look'N'Feel 'TaharezLook/VerticalScrollbar' and RenderEffect ''. (0x7ffc5d043310)
16/10/2017 20:44:43 (Std) 	Creating falagard mapping for type 'TaharezLook/HorizontalScrollbar' using base type 'CEGUI/Scrollbar', window renderer 'Core/Scrollbar' Look'N'Feel 'TaharezLook/HorizontalScrollbar' and RenderEffect ''. (0x7ffc5d043310)
16/10/2017 20:44:43 (Std) 	Creating falagard mapping for type 'TaharezLook/VerticalScrollbarThumb' using base type 'CEGUI/Thumb', window renderer 'Core/Button' Look'N'Feel 'TaharezLook/VerticalScrollbarThumb' and RenderEffect ''. (0x7ffc5d043310)
16/10/2017 20:44:43 (Std) 	Creating falagard mapping for type 'TaharezLook/HorizontalScrollbarThumb' using base type 'CEGUI/Thumb', window renderer 'Core/Button' Look'N'Feel 'TaharezLook/HorizontalScrollbarThumb' and RenderEffect ''. (0x7ffc5d043310)
16/10/2017 20:44:43 (Std) 	Creating falagard mapping for type 'TaharezLook/LargeVerticalScrollbar' using base type 'CEGUI/Scrollbar', window renderer 'Core/Scrollbar' Look'N'Feel 'TaharezLook/LargeVerticalScrollbar' and RenderEffect ''. (0x7ffc5d043310)
16/10/2017 20:44:43 (Std) 	Creating falagard mapping for type 'TaharezLook/LargeVerticalScrollbarThumb' using base type 'CEGUI/Thumb', window renderer 'Core/Button' Look'N'Feel 'TaharezLook/LargeVerticalScrollbarThumb' and RenderEffect ''. (0x7ffc5d043310)
16/10/2017 20:44:43 (Std) 	Creating falagard mapping for type 'TaharezLook/TabButton' using base type 'CEGUI/TabButton', window renderer 'Core/TabButton' Look'N'Feel 'TaharezLook/TabButton' and RenderEffect ''. (0x7ffc5d043310)
16/10/2017 20:44:43 (Std) 	Creating falagard mapping for type 'TaharezLook/TabControl' using base type 'CEGUI/TabControl', window renderer 'Core/TabControl' Look'N'Feel 'TaharezLook/TabControl' and RenderEffect ''. (0x7ffc5d043310)
16/10/2017 20:44:43 (Std) 	Creating falagard mapping for type 'TaharezLook/TabContentPane' using base type 'DefaultWindow', window renderer 'Core/Default' Look'N'Feel 'TaharezLook/TabContentPane' and RenderEffect ''. (0x7ffc5d043310)
16/10/2017 20:44:43 (Std) 	Creating falagard mapping for type 'TaharezLook/TabButtonPane' using base type 'DefaultWindow', window renderer 'Core/Default' Look'N'Feel 'TaharezLook/TabButtonPane' and RenderEffect ''. (0x7ffc5d043310)
16/10/2017 20:44:43 (Std) 	Creating falagard mapping for type 'TaharezLook/ComboDropList' using base type 'CEGUI/ComboDropList', window renderer 'Core/Listbox' Look'N'Feel 'TaharezLook/ComboDropList' and RenderEffect ''. (0x7ffc5d043310)
16/10/2017 20:44:43 (Std) 	Creating falagard mapping for type 'TaharezLook/ComboEditbox' using base type 'CEGUI/Editbox', window renderer 'Core/Editbox' Look'N'Feel 'TaharezLook/ComboEditbox' and RenderEffect ''. (0x7ffc5d043310)
16/10/2017 20:44:43 (Std) 	Creating falagard mapping for type 'TaharezLook/Combobox' using base type 'CEGUI/Combobox', window renderer 'Core/Default' Look'N'Feel 'TaharezLook/Combobox' and RenderEffect ''. (0x7ffc5d043310)
16/10/2017 20:44:43 (Std) 	Creating falagard mapping for type 'TaharezLook/Listbox' using base type 'CEGUI/Listbox', window renderer 'Core/Listbox' Look'N'Feel 'TaharezLook/Listbox' and RenderEffect ''. (0x7ffc5d043310)
16/10/2017 20:44:43 (Std) 	Creating falagard mapping for type 'TaharezLook/ListHeader' using base type 'CEGUI/ListHeader', window renderer 'Core/ListHeader' Look'N'Feel 'TaharezLook/ListHeader' and RenderEffect ''. (0x7ffc5d043310)
16/10/2017 20:44:43 (Std) 	Creating falagard mapping for type 'TaharezLook/ListHeaderSegment' using base type 'CEGUI/ListHeaderSegment', window renderer 'Core/ListHeaderSegment' Look'N'Feel 'TaharezLook/ListHeaderSegment' and RenderEffect ''. (0x7ffc5d043310)
16/10/2017 20:44:43 (Std) 	Creating falagard mapping for type 'TaharezLook/MultiColumnList' using base type 'CEGUI/MultiColumnList', window renderer 'Core/MultiColumnList' Look'N'Feel 'TaharezLook/MultiColumnList' and RenderEffect ''. (0x7ffc5d043310)
16/10/2017 20:44:43 (Std) 	Creating falagard mapping for type 'TaharezLook/Slider' using base type 'CEGUI/Slider', window renderer 'Core/Slider' Look'N'Feel 'TaharezLook/Slider' and RenderEffect ''. (0x7ffc5d043310)
16/10/2017 20:44:43 (Std) 	Creating falagard mapping for type 'TaharezLook/SliderThumb' using base type 'CEGUI/Thumb', window renderer 'Core/Button' Look'N'Feel 'TaharezLook/SliderThumb' and RenderEffect ''. (0x7ffc5d043310)
16/10/2017 20:44:43 (Std) 	Creating falagard mapping for type 'TaharezLook/ScrollablePane' using base type 'CEGUI/ScrollablePane', window renderer 'Core/ScrollablePane' Look'N'Feel 'TaharezLook/ScrollablePane' and RenderEffect ''. (0x7ffc5d043310)
16/10/2017 20:44:43 (Std) 	Creating falagard mapping for type 'TaharezLook/Spinner' using base type 'CEGUI/Spinner', window renderer 'Core/Default' Look'N'Feel 'TaharezLook/Spinner' and RenderEffect ''. (0x7ffc5d043310)
16/10/2017 20:44:43 (Std) 	Creating falagard mapping for type 'TaharezLook/Tooltip' using base type 'CEGUI/Tooltip', window renderer 'Core/Tooltip' Look'N'Feel 'TaharezLook/Tooltip' and RenderEffect ''. (0x7ffc5d043310)
16/10/2017 20:44:43 (Std) 	Creating falagard mapping for type 'TaharezLook/StaticImage' using base type 'DefaultWindow', window renderer 'Core/StaticImage' Look'N'Feel 'TaharezLook/StaticImage' and RenderEffect ''. (0x7ffc5d043310)
16/10/2017 20:44:43 (Std) 	Creating falagard mapping for type 'TaharezLook/StaticText' using base type 'DefaultWindow', window renderer 'Core/StaticText' Look'N'Feel 'TaharezLook/StaticText' and RenderEffect ''. (0x7ffc5d043310)
16/10/2017 20:44:43 (Std) 	Creating falagard mapping for type 'TaharezLook/ItemListbox' using base type 'CEGUI/ItemListbox', window renderer 'Core/ItemListbox' Look'N'Feel 'TaharezLook/ItemListbox' and RenderEffect ''. (0x7ffc5d043310)
16/10/2017 20:44:43 (Std) 	Creating falagard mapping for type 'TaharezLook/ListboxItem' using base type 'CEGUI/ItemEntry', window renderer 'Core/ItemEntry' Look'N'Feel 'TaharezLook/ListboxItem' and RenderEffect ''. (0x7ffc5d043310)
16/10/2017 20:44:43 (Std) 	Creating falagard mapping for type 'TaharezLook/GroupBox' using base type 'DefaultWindow', window renderer 'Core/Default' Look'N'Feel 'TaharezLook/GroupBox' and RenderEffect ''. (0x7ffc5d043310)
16/10/2017 20:44:43 (Std) 	Creating falagard mapping for type 'TaharezLook/Tree' using base type 'CEGUI/Tree', window renderer 'Core/Tree' Look'N'Feel 'TaharezLook/Tree' and RenderEffect ''. (0x7ffc5d043310)
16/10/2017 20:44:43 (Std) 	[OgreRenderer] Created texture: DejaVuSans-12_auto_glyph_images_32
16/10/2017 20:44:43 (Std) 	[OgreRenderer] Created texture: DejaVuSans-12_auto_glyph_images_249
16/10/2017 20:45:05 (Std) 	---- Begining CEGUI System destruction ----
16/10/2017 20:45:05 (Std) 	WindowFactory for 'CEGUI/Tree' windows removed. (0x2536ca0)
16/10/2017 20:45:05 (Std) 	Deleted WindowFactory for 'CEGUI/Tree' windows.
16/10/2017 20:45:05 (Std) 	WindowFactory for 'LayoutCell' windows removed. (0x25353f0)
16/10/2017 20:45:05 (Std) 	Deleted WindowFactory for 'LayoutCell' windows.
16/10/2017 20:45:05 (Std) 	WindowFactory for 'CEGUI/Thumb' windows removed. (0x25362e0)
16/10/2017 20:45:05 (Std) 	Deleted WindowFactory for 'CEGUI/Thumb' windows.
16/10/2017 20:45:05 (Std) 	WindowFactory for 'CEGUI/Slider' windows removed. (0x2535c60)
16/10/2017 20:45:05 (Std) 	Deleted WindowFactory for 'CEGUI/Slider' windows.
16/10/2017 20:45:05 (Std) 	WindowFactory for 'CEGUI/Editbox' windows removed. (0x252b500)
16/10/2017 20:45:05 (Std) 	Deleted WindowFactory for 'CEGUI/Editbox' windows.
16/10/2017 20:45:05 (Std) 	WindowFactory for 'CEGUI/Listbox' windows removed. (0x252b9e0)
16/10/2017 20:45:05 (Std) 	Deleted WindowFactory for 'CEGUI/Listbox' windows.
16/10/2017 20:45:05 (Std) 	WindowFactory for 'CEGUI/Menubar' windows removed. (0x252bec0)
16/10/2017 20:45:05 (Std) 	Deleted WindowFactory for 'CEGUI/Menubar' windows.
16/10/2017 20:45:05 (Std) 	WindowFactory for 'CEGUI/Spinner' windows removed. (0x2535e00)
16/10/2017 20:45:05 (Std) 	Deleted WindowFactory for 'CEGUI/Spinner' windows.
16/10/2017 20:45:05 (Std) 	WindowFactory for 'CEGUI/Tooltip' windows removed. (0x25367c0)
16/10/2017 20:45:05 (Std) 	Deleted WindowFactory for 'CEGUI/Tooltip' windows.
16/10/2017 20:45:05 (Std) 	WindowFactory for 'DefaultWindow' windows removed. (0x252a800)
16/10/2017 20:45:05 (Std) 	Deleted WindowFactory for 'DefaultWindow' windows.
16/10/2017 20:45:05 (Std) 	WindowFactory for 'DragContainer' windows removed. (0x252a9a0)
16/10/2017 20:45:05 (Std) 	Deleted WindowFactory for 'DragContainer' windows.
16/10/2017 20:45:05 (Std) 	WindowFactory for 'CEGUI/Combobox' windows removed. (0x252b1c0)
16/10/2017 20:45:05 (Std) 	Deleted WindowFactory for 'CEGUI/Combobox' windows.
16/10/2017 20:45:05 (Std) 	WindowFactory for 'CEGUI/GroupBox' windows removed. (0x2536b00)
16/10/2017 20:45:05 (Std) 	Deleted WindowFactory for 'CEGUI/GroupBox' windows.
16/10/2017 20:45:05 (Std) 	WindowFactory for 'CEGUI/MenuItem' windows removed. (0x252c200)
16/10/2017 20:45:05 (Std) 	Deleted WindowFactory for 'CEGUI/MenuItem' windows.
16/10/2017 20:45:05 (Std) 	WindowFactory for 'CEGUI/Titlebar' windows removed. (0x2536480)
16/10/2017 20:45:05 (Std) 	Deleted WindowFactory for 'CEGUI/Titlebar' windows.
16/10/2017 20:45:05 (Std) 	WindowFactory for 'CEGUI/ItemEntry' windows removed. (0x252b840)
16/10/2017 20:45:05 (Std) 	Deleted WindowFactory for 'CEGUI/ItemEntry' windows.
16/10/2017 20:45:05 (Std) 	WindowFactory for 'CEGUI/PopupMenu' windows removed. (0x252c060)
16/10/2017 20:45:05 (Std) 	Deleted WindowFactory for 'CEGUI/PopupMenu' windows.
16/10/2017 20:45:05 (Std) 	WindowFactory for 'CEGUI/Scrollbar' windows removed. (0x2535ac0)
16/10/2017 20:45:05 (Std) 	Deleted WindowFactory for 'CEGUI/Scrollbar' windows.
16/10/2017 20:45:05 (Std) 	WindowFactory for 'CEGUI/TabButton' windows removed. (0x2535fa0)
16/10/2017 20:45:05 (Std) 	Deleted WindowFactory for 'CEGUI/TabButton' windows.
16/10/2017 20:45:05 (Std) 	WindowFactory for 'CEGUI/ListHeader' windows removed. (0x252bb80)
16/10/2017 20:45:05 (Std) 	Deleted WindowFactory for 'CEGUI/ListHeader' windows.
16/10/2017 20:45:05 (Std) 	WindowFactory for 'CEGUI/PushButton' windows removed. (0x252ae80)
16/10/2017 20:45:05 (Std) 	Deleted WindowFactory for 'CEGUI/PushButton' windows.
16/10/2017 20:45:05 (Std) 	WindowFactory for 'CEGUI/TabControl' windows removed. (0x2536140)
16/10/2017 20:45:05 (Std) 	Deleted WindowFactory for 'CEGUI/TabControl' windows.
16/10/2017 20:45:05 (Std) 	WindowFactory for 'ClippedContainer' windows removed. (0x252ace0)
16/10/2017 20:45:05 (Std) 	Deleted WindowFactory for 'ClippedContainer' windows.
16/10/2017 20:45:05 (Std) 	WindowFactory for 'CEGUI/FrameWindow' windows removed. (0x252b6a0)
16/10/2017 20:45:05 (Std) 	Deleted WindowFactory for 'CEGUI/FrameWindow' windows.
16/10/2017 20:45:05 (Std) 	WindowFactory for 'CEGUI/ItemListbox' windows removed. (0x2536960)
16/10/2017 20:45:05 (Std) 	Deleted WindowFactory for 'CEGUI/ItemListbox' windows.
16/10/2017 20:45:05 (Std) 	WindowFactory for 'CEGUI/ProgressBar' windows removed. (0x2535780)
16/10/2017 20:45:05 (Std) 	Deleted WindowFactory for 'CEGUI/ProgressBar' windows.
16/10/2017 20:45:05 (Std) 	WindowFactory for 'CEGUI/RadioButton' windows removed. (0x252b020)
16/10/2017 20:45:05 (Std) 	Deleted WindowFactory for 'CEGUI/RadioButton' windows.
16/10/2017 20:45:05 (Std) 	WindowFactory for 'ScrolledContainer' windows removed. (0x252ab40)
16/10/2017 20:45:05 (Std) 	Deleted WindowFactory for 'ScrolledContainer' windows.
16/10/2017 20:45:05 (Std) 	WindowFactory for 'CEGUI/ToggleButton' windows removed. (0x2536620)
16/10/2017 20:45:05 (Std) 	Deleted WindowFactory for 'CEGUI/ToggleButton' windows.
16/10/2017 20:45:05 (Std) 	WindowFactory for 'CEGUI/ComboDropList' windows removed. (0x252b360)
16/10/2017 20:45:05 (Std) 	Deleted WindowFactory for 'CEGUI/ComboDropList' windows.
16/10/2017 20:45:05 (Std) 	WindowFactory for 'GridLayoutContainer' windows removed. (0x2537470)
16/10/2017 20:45:05 (Std) 	Deleted WindowFactory for 'GridLayoutContainer' windows.
16/10/2017 20:45:05 (Std) 	WindowFactory for 'CEGUI/ScrollablePane' windows removed. (0x2535920)
16/10/2017 20:45:05 (Std) 	Deleted WindowFactory for 'CEGUI/ScrollablePane' windows.
16/10/2017 20:45:05 (Std) 	WindowFactory for 'CEGUI/MultiColumnList' windows removed. (0x252c2c0)
16/10/2017 20:45:05 (Std) 	Deleted WindowFactory for 'CEGUI/MultiColumnList' windows.
16/10/2017 20:45:05 (Std) 	WindowFactory for 'CEGUI/MultiLineEditbox' windows removed. (0x25355e0)
16/10/2017 20:45:05 (Std) 	Deleted WindowFactory for 'CEGUI/MultiLineEditbox' windows.
16/10/2017 20:45:05 (Std) 	WindowFactory for 'CEGUI/ListHeaderSegment' windows removed. (0x252bd20)
16/10/2017 20:45:05 (Std) 	Deleted WindowFactory for 'CEGUI/ListHeaderSegment' windows.
16/10/2017 20:45:05 (Std) 	WindowFactory for 'VerticalLayoutContainer' windows removed. (0x25372d0)
16/10/2017 20:45:05 (Std) 	Deleted WindowFactory for 'VerticalLayoutContainer' windows.
16/10/2017 20:45:05 (Std) 	WindowFactory for 'HorizontalLayoutContainer' windows removed. (0x2537130)
16/10/2017 20:45:05 (Std) 	Deleted WindowFactory for 'HorizontalLayoutContainer' windows.
16/10/2017 20:45:05 (Std) 	---- Begining cleanup of GUI Scheme system ----
16/10/2017 20:45:05 (Std) 	WindowRendererFactory for 'Core/Button' WindowRenderers removed. (0x287fb90)
16/10/2017 20:45:05 (Std) 	Deleted WindowRendererFactory for 'Core/Button' WindowRenderers.
16/10/2017 20:45:05 (Std) 	WindowRendererFactory for 'Core/Default' WindowRenderers removed. (0x287fd30)
16/10/2017 20:45:05 (Std) 	Deleted WindowRendererFactory for 'Core/Default' WindowRenderers.
16/10/2017 20:45:05 (Std) 	WindowRendererFactory for 'Core/Editbox' WindowRenderers removed. (0x285d760)
16/10/2017 20:45:05 (Std) 	Deleted WindowRendererFactory for 'Core/Editbox' WindowRenderers.
16/10/2017 20:45:05 (Std) 	WindowRendererFactory for 'Core/FrameWindow' WindowRenderers removed. (0x285d900)
16/10/2017 20:45:05 (Std) 	Deleted WindowRendererFactory for 'Core/FrameWindow' WindowRenderers.
16/10/2017 20:45:05 (Std) 	WindowRendererFactory for 'Core/ItemEntry' WindowRenderers removed. (0x2550d70)
16/10/2017 20:45:05 (Std) 	Deleted WindowRendererFactory for 'Core/ItemEntry' WindowRenderers.
16/10/2017 20:45:05 (Std) 	WindowRendererFactory for 'Core/ListHeader' WindowRenderers removed. (0x2550f10)
16/10/2017 20:45:05 (Std) 	Deleted WindowRendererFactory for 'Core/ListHeader' WindowRenderers.
16/10/2017 20:45:05 (Std) 	WindowRendererFactory for 'Core/ListHeaderSegment' WindowRenderers removed. (0x281ec20)
16/10/2017 20:45:05 (Std) 	Deleted WindowRendererFactory for 'Core/ListHeaderSegment' WindowRenderers.
16/10/2017 20:45:05 (Std) 	WindowRendererFactory for 'Core/Listbox' WindowRenderers removed. (0x281edc0)
16/10/2017 20:45:05 (Std) 	Deleted WindowRendererFactory for 'Core/Listbox' WindowRenderers.
16/10/2017 20:45:05 (Std) 	WindowRendererFactory for 'Core/Menubar' WindowRenderers removed. (0x281ee80)
16/10/2017 20:45:05 (Std) 	Deleted WindowRendererFactory for 'Core/Menubar' WindowRenderers.
16/10/2017 20:45:05 (Std) 	WindowRendererFactory for 'Core/MenuItem' WindowRenderers removed. (0x27e3ce0)
16/10/2017 20:45:05 (Std) 	Deleted WindowRendererFactory for 'Core/MenuItem' WindowRenderers.
16/10/2017 20:45:05 (Std) 	WindowRendererFactory for 'Core/MultiColumnList' WindowRenderers removed. (0x2561df0)
16/10/2017 20:45:05 (Std) 	Deleted WindowRendererFactory for 'Core/MultiColumnList' WindowRenderers.
16/10/2017 20:45:05 (Std) 	WindowRendererFactory for 'Core/MultiLineEditbox' WindowRenderers removed. (0x2561f90)
16/10/2017 20:45:05 (Std) 	Deleted WindowRendererFactory for 'Core/MultiLineEditbox' WindowRenderers.
16/10/2017 20:45:05 (Std) 	WindowRendererFactory for 'Core/PopupMenu' WindowRenderers removed. (0x2562130)
16/10/2017 20:45:05 (Std) 	Deleted WindowRendererFactory for 'Core/PopupMenu' WindowRenderers.
16/10/2017 20:45:05 (Std) 	WindowRendererFactory for 'Core/ProgressBar' WindowRenderers removed. (0x25622d0)
16/10/2017 20:45:05 (Std) 	Deleted WindowRendererFactory for 'Core/ProgressBar' WindowRenderers.
16/10/2017 20:45:05 (Std) 	WindowRendererFactory for 'Core/ScrollablePane' WindowRenderers removed. (0x255c730)
16/10/2017 20:45:05 (Std) 	Deleted WindowRendererFactory for 'Core/ScrollablePane' WindowRenderers.
16/10/2017 20:45:05 (Std) 	WindowRendererFactory for 'Core/Scrollbar' WindowRenderers removed. (0x255c8d0)
16/10/2017 20:45:05 (Std) 	Deleted WindowRendererFactory for 'Core/Scrollbar' WindowRenderers.
16/10/2017 20:45:05 (Std) 	WindowRendererFactory for 'Core/Slider' WindowRenderers removed. (0x255ca70)
16/10/2017 20:45:05 (Std) 	Deleted WindowRendererFactory for 'Core/Slider' WindowRenderers.
16/10/2017 20:45:05 (Std) 	WindowRendererFactory for 'Core/Static' WindowRenderers removed. (0x289cd50)
16/10/2017 20:45:05 (Std) 	Deleted WindowRendererFactory for 'Core/Static' WindowRenderers.
16/10/2017 20:45:05 (Std) 	WindowRendererFactory for 'Core/StaticImage' WindowRenderers removed. (0x289cef0)
16/10/2017 20:45:05 (Std) 	Deleted WindowRendererFactory for 'Core/StaticImage' WindowRenderers.
16/10/2017 20:45:05 (Std) 	WindowRendererFactory for 'Core/StaticText' WindowRenderers removed. (0x289d090)
16/10/2017 20:45:05 (Std) 	Deleted WindowRendererFactory for 'Core/StaticText' WindowRenderers.
16/10/2017 20:45:05 (Std) 	WindowRendererFactory for 'Core/TabButton' WindowRenderers removed. (0x289d230)
16/10/2017 20:45:05 (Std) 	Deleted WindowRendererFactory for 'Core/TabButton' WindowRenderers.
16/10/2017 20:45:05 (Std) 	WindowRendererFactory for 'Core/TabControl' WindowRenderers removed. (0x289d3d0)
16/10/2017 20:45:05 (Std) 	Deleted WindowRendererFactory for 'Core/TabControl' WindowRenderers.
16/10/2017 20:45:05 (Std) 	WindowRendererFactory for 'Core/Titlebar' WindowRenderers removed. (0x289d570)
16/10/2017 20:45:05 (Std) 	Deleted WindowRendererFactory for 'Core/Titlebar' WindowRenderers.
16/10/2017 20:45:05 (Std) 	WindowRendererFactory for 'Core/ToggleButton' WindowRenderers removed. (0x289d710)
16/10/2017 20:45:05 (Std) 	Deleted WindowRendererFactory for 'Core/ToggleButton' WindowRenderers.
16/10/2017 20:45:05 (Std) 	WindowRendererFactory for 'Core/Tooltip' WindowRenderers removed. (0x289d8b0)
16/10/2017 20:45:05 (Std) 	Deleted WindowRendererFactory for 'Core/Tooltip' WindowRenderers.
16/10/2017 20:45:05 (Std) 	WindowRendererFactory for 'Core/ItemListbox' WindowRenderers removed. (0x289f390)
16/10/2017 20:45:05 (Std) 	Deleted WindowRendererFactory for 'Core/ItemListbox' WindowRenderers.
16/10/2017 20:45:05 (Std) 	WindowRendererFactory for 'Core/Tree' WindowRenderers removed. (0x289f530)
16/10/2017 20:45:05 (Std) 	Deleted WindowRendererFactory for 'Core/Tree' WindowRenderers.
16/10/2017 20:45:05 (Std) 	CEGUI::SchemeManager singleton destroyed. (0x24398d0)
16/10/2017 20:45:05 (Std) 	CEGUI::WindowManager singleton destroyed (0x2534640)
16/10/2017 20:45:05 (Std) 	CEGUI::WindowFactoryManager singleton destroyed
16/10/2017 20:45:05 (Std) 	CEGUI::WidgetLookManager singleton destroyed. (0x2556ab0)
16/10/2017 20:45:05 (Std) 	CEGUI::WindowRendererManager singleton destroyed (0x2438a50)
16/10/2017 20:45:05 (Std) 	CEGUI::AnimationManager singleton destroyed (0x2529540)
16/10/2017 20:45:05 (Std) 	CEGUI::RenderEffectManager singleton destroyed (0x2438440)
16/10/2017 20:45:05 (Std) 	---- Begining cleanup of Font system ----
16/10/2017 20:45:05 (Std) 	[OgreRenderer] Destroyed texture: DejaVuSans-12_auto_glyph_images_32
16/10/2017 20:45:05 (Std) 	[OgreRenderer] Destroyed texture: DejaVuSans-12_auto_glyph_images_249
16/10/2017 20:45:05 (Std) 	CEGUI::FontManager singleton destroyed. (0x2534510)
16/10/2017 20:45:05 (Std) 	[ImageManager] Deleted image: TaharezLook/MenuTop
16/10/2017 20:45:05 (Std) 	[ImageManager] Deleted image: TaharezLook/UpArrow
16/10/2017 20:45:05 (Std) 	[ImageManager] Deleted image: TaharezLook/MenuLeft
16/10/2017 20:45:05 (Std) 	[ImageManager] Deleted image: TaharezLook/MenuRight
16/10/2017 20:45:05 (Std) 	[ImageManager] Deleted image: TaharezLook/StaticTop
16/10/2017 20:45:05 (Std) 	[ImageManager] Deleted image: TaharezLook/ListboxTop
16/10/2017 20:45:05 (Std) 	[ImageManager] Deleted image: TaharezLook/MenuBottom
16/10/2017 20:45:05 (Std) 	[ImageManager] Deleted image: TaharezLook/MenuMiddle
16/10/2017 20:45:05 (Std) 	[ImageManager] Deleted image: TaharezLook/MouseArrow
16/10/2017 20:45:05 (Std) 	[ImageManager] Deleted image: TaharezLook/StaticLeft
16/10/2017 20:45:05 (Std) 	[ImageManager] Deleted image: TaharezLook/ClientBrush
16/10/2017 20:45:05 (Std) 	[ImageManager] Deleted image: TaharezLook/EditBoxLeft
16/10/2017 20:45:05 (Std) 	[ImageManager] Deleted image: TaharezLook/ListboxLeft
16/10/2017 20:45:05 (Std) 	[ImageManager] Deleted image: TaharezLook/MenuTopLeft
16/10/2017 20:45:05 (Std) 	[ImageManager] Deleted image: TaharezLook/MouseTarget
16/10/2017 20:45:05 (Std) 	[ImageManager] Deleted image: TaharezLook/StaticRight
16/10/2017 20:45:05 (Std) 	[ImageManager] Deleted image: TaharezLook/CheckboxMark
16/10/2017 20:45:05 (Std) 	[ImageManager] Deleted image: TaharezLook/EditBoxCaret
16/10/2017 20:45:05 (Std) 	[ImageManager] Deleted image: TaharezLook/EditBoxRight
16/10/2017 20:45:05 (Std) 	[ImageManager] Deleted image: TaharezLook/GenericBrush
16/10/2017 20:45:05 (Std) 	[ImageManager] Deleted image: TaharezLook/ListboxRight
16/10/2017 20:45:05 (Std) 	[ImageManager] Deleted image: TaharezLook/MenuTopRight
16/10/2017 20:45:05 (Std) 	[ImageManager] Deleted image: TaharezLook/MouseTextBar
16/10/2017 20:45:05 (Std) 	[ImageManager] Deleted image: TaharezLook/MultiListTop
16/10/2017 20:45:05 (Std) 	[ImageManager] Deleted image: TaharezLook/StaticBottom
16/10/2017 20:45:05 (Std) 	[ImageManager] Deleted image: TaharezLook/SysAreaRight
16/10/2017 20:45:05 (Std) 	[ImageManager] Deleted image: TaharezLook/TitlebarLeft
16/10/2017 20:45:05 (Std) 	[ImageManager] Deleted image: TaharezLook/CheckboxHover
16/10/2017 20:45:05 (Std) 	[ImageManager] Deleted image: TaharezLook/EditBoxMiddle
16/10/2017 20:45:05 (Std) 	[ImageManager] Deleted image: TaharezLook/ListboxBottom
16/10/2017 20:45:05 (Std) 	[ImageManager] Deleted image: TaharezLook/MultiListLeft
16/10/2017 20:45:05 (Std) 	[ImageManager] Deleted image: TaharezLook/StaticTopLeft
16/10/2017 20:45:05 (Std) 	[ImageManager] Deleted image: TaharezLook/SysAreaMiddle
16/10/2017 20:45:05 (Std) 	[ImageManager] Deleted image: TaharezLook/TitlebarRight
16/10/2017 20:45:05 (Std) 	[ImageManager] Deleted image: TaharezLook/TooltipMiddle
16/10/2017 20:45:05 (Std) 	[ImageManager] Deleted image: TaharezLook/VertScrollTop
16/10/2017 20:45:05 (Std) 	[ImageManager] Deleted image: TaharezLook/WindowTopEdge
16/10/2017 20:45:05 (Std) 	[ImageManager] Deleted image: TaharezLook/WindowTopLeft
16/10/2017 20:45:05 (Std) 	[ImageManager] Deleted image: TaharezLook/CheckboxNormal
16/10/2017 20:45:05 (Std) 	[ImageManager] Deleted image: TaharezLook/ListboxTopLeft
16/10/2017 20:45:05 (Std) 	[ImageManager] Deleted image: TaharezLook/MenuBottomLeft
16/10/2017 20:45:05 (Std) 	[ImageManager] Deleted image: TaharezLook/MultiListRight
16/10/2017 20:45:05 (Std) 	[ImageManager] Deleted image: TaharezLook/SpinnerUpHover
16/10/2017 20:45:05 (Std) 	[ImageManager] Deleted image: TaharezLook/StaticBackdrop
16/10/2017 20:45:05 (Std) 	[ImageManager] Deleted image: TaharezLook/StaticTopRight
16/10/2017 20:45:05 (Std) 	[ImageManager] Deleted image: TaharezLook/TitlebarMiddle
16/10/2017 20:45:05 (Std) 	[ImageManager] Deleted image: TaharezLook/TooltipTopEdge
16/10/2017 20:45:05 (Std) 	[ImageManager] Deleted image: TaharezLook/TooltipTopLeft
16/10/2017 20:45:05 (Std) 	[ImageManager] Deleted image: TaharezLook/TreeListClosed
16/10/2017 20:45:05 (Std) 	[ImageManager] Deleted image: TaharezLook/TreeListOpened
16/10/2017 20:45:05 (Std) 	[ImageManager] Deleted image: TaharezLook/VertSliderBody
16/10/2017 20:45:05 (Std) 	[ImageManager] Deleted image: TaharezLook/WindowLeftEdge
16/10/2017 20:45:05 (Std) 	[ImageManager] Deleted image: TaharezLook/WindowTopRight
16/10/2017 20:45:05 (Std) 	[ImageManager] Deleted image: TaharezLook/AltProgressHalf
16/10/2017 20:45:05 (Std) 	[ImageManager] Deleted image: TaharezLook/AltProgressLeft
16/10/2017 20:45:05 (Std) 	[ImageManager] Deleted image: TaharezLook/ComboboxListTop
16/10/2017 20:45:05 (Std) 	[ImageManager] Deleted image: TaharezLook/HeaderBarSortUp
16/10/2017 20:45:05 (Std) 	[ImageManager] Deleted image: TaharezLook/ListboxBackdrop
16/10/2017 20:45:05 (Std) 	[ImageManager] Deleted image: TaharezLook/ListboxTopRight
16/10/2017 20:45:05 (Std) 	[ImageManager] Deleted image: TaharezLook/MenuBottomRight
16/10/2017 20:45:05 (Std) 	[ImageManager] Deleted image: TaharezLook/MouseEsWeCursor
16/10/2017 20:45:05 (Std) 	[ImageManager] Deleted image: TaharezLook/MouseMoveCursor
16/10/2017 20:45:05 (Std) 	[ImageManager] Deleted image: TaharezLook/MouseNeSwCursor
16/10/2017 20:45:05 (Std) 	[ImageManager] Deleted image: TaharezLook/MouseNoSoCursor
16/10/2017 20:45:05 (Std) 	[ImageManager] Deleted image: TaharezLook/MouseNwSeCursor
16/10/2017 20:45:05 (Std) 	[ImageManager] Deleted image: TaharezLook/MultiListBottom
16/10/2017 20:45:05 (Std) 	[ImageManager] Deleted image: TaharezLook/NewTitlebarLeft
16/10/2017 20:45:05 (Std) 	[ImageManager] Deleted image: TaharezLook/PopupMenuMiddle
16/10/2017 20:45:05 (Std) 	[ImageManager] Deleted image: TaharezLook/ProgressBarLeft
16/10/2017 20:45:05 (Std) 	[ImageManager] Deleted image: TaharezLook/RadioButtonMark
16/10/2017 20:45:05 (Std) 	[ImageManager] Deleted image: TaharezLook/SpinnerUpNormal
16/10/2017 20:45:05 (Std) 	[ImageManager] Deleted image: TaharezLook/TooltipLeftEdge
16/10/2017 20:45:05 (Std) 	[ImageManager] Deleted image: TaharezLook/TooltipTopRight
16/10/2017 20:45:05 (Std) 	[ImageManager] Deleted image: TaharezLook/WindowRightEdge
16/10/2017 20:45:05 (Std) 	[ImageManager] Deleted image: TaharezLook/AltProgressRight
16/10/2017 20:45:05 (Std) 	[ImageManager] Deleted image: TaharezLook/ButtonLeftNormal
16/10/2017 20:45:05 (Std) 	[ImageManager] Deleted image: TaharezLook/ButtonLeftPushed
16/10/2017 20:45:05 (Std) 	[ImageManager] Deleted image: TaharezLook/CloseButtonHover
16/10/2017 20:45:05 (Std) 	[ImageManager] Deleted image: TaharezLook/ComboboxEditLeft
16/10/2017 20:45:05 (Std) 	[ImageManager] Deleted image: TaharezLook/ComboboxListLeft
16/10/2017 20:45:05 (Std) 	[ImageManager] Deleted image: TaharezLook/MultiListTopLeft
16/10/2017 20:45:05 (Std) 	[ImageManager] Deleted image: TaharezLook/NewTitlebarRight
16/10/2017 20:45:05 (Std) 	[ImageManager] Deleted image: TaharezLook/ProgressBarRight
16/10/2017 20:45:05 (Std) 	[ImageManager] Deleted image: TaharezLook/RadioButtonHover
16/10/2017 20:45:05 (Std) 	[ImageManager] Deleted image: TaharezLook/SpinnerDownHover
16/10/2017 20:45:05 (Std) 	[ImageManager] Deleted image: TaharezLook/StaticBottomLeft
16/10/2017 20:45:05 (Std) 	[ImageManager] Deleted image: TaharezLook/TooltipRightEdge
16/10/2017 20:45:05 (Std) 	[ImageManager] Deleted image: TaharezLook/VertScrollBottom
16/10/2017 20:45:05 (Std) 	[ImageManager] Deleted image: TaharezLook/VertScrollMiddle
16/10/2017 20:45:05 (Std) 	[ImageManager] Deleted image: TaharezLook/WindowBottomEdge
16/10/2017 20:45:05 (Std) 	[ImageManager] Deleted image: TaharezLook/WindowBottomLeft
16/10/2017 20:45:05 (Std) 	[ImageManager] Deleted image: TaharezLook/AltProgressLight1
16/10/2017 20:45:05 (Std) 	[ImageManager] Deleted image: TaharezLook/AltProgressLight2
16/10/2017 20:45:05 (Std) 	[ImageManager] Deleted image: TaharezLook/AltProgressLight3
16/10/2017 20:45:05 (Std) 	[ImageManager] Deleted image: TaharezLook/AltProgressLight4
16/10/2017 20:45:05 (Std) 	[ImageManager] Deleted image: TaharezLook/AltProgressLight5
16/10/2017 20:45:05 (Std) 	[ImageManager] Deleted image: TaharezLook/AltProgressLight6
16/10/2017 20:45:05 (Std) 	[ImageManager] Deleted image: TaharezLook/AltProgressLight7
16/10/2017 20:45:05 (Std) 	[ImageManager] Deleted image: TaharezLook/AltProgressLight8
16/10/2017 20:45:05 (Std) 	[ImageManager] Deleted image: TaharezLook/AltProgressLight9
16/10/2017 20:45:05 (Std) 	[ImageManager] Deleted image: TaharezLook/AltProgressMiddle
16/10/2017 20:45:05 (Std) 	[ImageManager] Deleted image: TaharezLook/ButtonRightNormal
16/10/2017 20:45:05 (Std) 	[ImageManager] Deleted image: TaharezLook/ButtonRightPushed
16/10/2017 20:45:05 (Std) 	[ImageManager] Deleted image: TaharezLook/CloseButtonNormal
16/10/2017 20:45:05 (Std) 	[ImageManager] Deleted image: TaharezLook/ComboboxListRight
16/10/2017 20:45:05 (Std) 	[ImageManager] Deleted image: TaharezLook/HeaderBarSortDown
16/10/2017 20:45:05 (Std) 	[ImageManager] Deleted image: TaharezLook/ListboxBottomLeft
16/10/2017 20:45:05 (Std) 	[ImageManager] Deleted image: TaharezLook/MultiListBackdrop
16/10/2017 20:45:05 (Std) 	[ImageManager] Deleted image: TaharezLook/MultiListTopRight
16/10/2017 20:45:05 (Std) 	[ImageManager] Deleted image: TaharezLook/NewTitlebarMiddle
16/10/2017 20:45:05 (Std) 	[ImageManager] Deleted image: TaharezLook/PopupMenuFrameTop
16/10/2017 20:45:05 (Std) 	[ImageManager] Deleted image: TaharezLook/ProgressBarMiddle
16/10/2017 20:45:05 (Std) 	[ImageManager] Deleted image: TaharezLook/RadioButtonNormal
16/10/2017 20:45:05 (Std) 	[ImageManager] Deleted image: TaharezLook/SpinnerDownNormal
16/10/2017 20:45:05 (Std) 	[ImageManager] Deleted image: TaharezLook/StaticBottomRight
16/10/2017 20:45:05 (Std) 	[ImageManager] Deleted image: TaharezLook/TooltipBottomEdge
16/10/2017 20:45:05 (Std) 	[ImageManager] Deleted image: TaharezLook/TooltipBottomLeft
16/10/2017 20:45:05 (Std) 	[ImageManager] Deleted image: TaharezLook/VertScrollUpHover
16/10/2017 20:45:05 (Std) 	[ImageManager] Deleted image: TaharezLook/WindowBottomRight
16/10/2017 20:45:05 (Std) 	[ImageManager] Deleted image: TaharezLook/AltProgressLight10
16/10/2017 20:45:05 (Std) 	[ImageManager] Deleted image: TaharezLook/AltProgressQuarter
16/10/2017 20:45:05 (Std) 	[ImageManager] Deleted image: TaharezLook/ButtonMiddleNormal
16/10/2017 20:45:05 (Std) 	[ImageManager] Deleted image: TaharezLook/ButtonMiddlePushed
16/10/2017 20:45:05 (Std) 	[ImageManager] Deleted image: TaharezLook/CloseButtonPressed
16/10/2017 20:45:05 (Std) 	[ImageManager] Deleted image: TaharezLook/ComboboxEditMiddle
16/10/2017 20:45:05 (Std) 	[ImageManager] Deleted image: TaharezLook/ComboboxListBottom
16/10/2017 20:45:05 (Std) 	[ImageManager] Deleted image: TaharezLook/ListboxBottomRight
16/10/2017 20:45:05 (Std) 	[ImageManager] Deleted image: TaharezLook/PopupMenuArrowLeft
16/10/2017 20:45:05 (Std) 	[ImageManager] Deleted image: TaharezLook/PopupMenuFrameLeft
16/10/2017 20:45:05 (Std) 	[ImageManager] Deleted image: TaharezLook/TabContentPaneLeft
16/10/2017 20:45:05 (Std) 	[ImageManager] Deleted image: TaharezLook/TextSelectionBrush
16/10/2017 20:45:05 (Std) 	[ImageManager] Deleted image: TaharezLook/TooltipBottomRight
16/10/2017 20:45:05 (Std) 	[ImageManager] Deleted image: TaharezLook/VertScrollUpNormal
16/10/2017 20:45:05 (Std) 	[ImageManager] Deleted image: TaharezLook/ButtonLeftHighlight
16/10/2017 20:45:05 (Std) 	[ImageManager] Deleted image: TaharezLook/ComboboxDividerLeft
16/10/2017 20:45:05 (Std) 	[ImageManager] Deleted image: TaharezLook/ComboboxListTopLeft
16/10/2017 20:45:05 (Std) 	[ImageManager] Deleted image: TaharezLook/MultiLineEditboxTop
16/10/2017 20:45:05 (Std) 	[ImageManager] Deleted image: TaharezLook/MultiListBottomLeft
16/10/2017 20:45:05 (Std) 	[ImageManager] Deleted image: TaharezLook/NewCloseButtonHover
16/10/2017 20:45:05 (Std) 	[ImageManager] Deleted image: TaharezLook/PopupMenuArrowRight
16/10/2017 20:45:05 (Std) 	[ImageManager] Deleted image: TaharezLook/PopupMenuFrameRight
16/10/2017 20:45:05 (Std) 	[ImageManager] Deleted image: TaharezLook/TabButtonLeftNormal
16/10/2017 20:45:05 (Std) 	[ImageManager] Deleted image: TaharezLook/TabContentPaneLower
16/10/2017 20:45:05 (Std) 	[ImageManager] Deleted image: TaharezLook/TabContentPaneRight
16/10/2017 20:45:05 (Std) 	[ImageManager] Deleted image: TaharezLook/TabContentPaneUpper
16/10/2017 20:45:05 (Std) 	[ImageManager] Deleted image: TaharezLook/TabHorizontalFiller
16/10/2017 20:45:05 (Std) 	[ImageManager] Deleted image: TaharezLook/VertScrollDownHover
16/10/2017 20:45:05 (Std) 	[ImageManager] Deleted image: TaharezLook/ButtonRightHighlight
16/10/2017 20:45:05 (Std) 	[ImageManager] Deleted image: TaharezLook/ComboboxDividerRight
16/10/2017 20:45:05 (Std) 	[ImageManager] Deleted image: TaharezLook/ComboboxListBackdrop
16/10/2017 20:45:05 (Std) 	[ImageManager] Deleted image: TaharezLook/ComboboxListTopRight
16/10/2017 20:45:05 (Std) 	[ImageManager] Deleted image: TaharezLook/MultiLineEditboxLeft
16/10/2017 20:45:05 (Std) 	[ImageManager] Deleted image: TaharezLook/MultiListBottomRight
16/10/2017 20:45:05 (Std) 	[ImageManager] Deleted image: TaharezLook/NewCloseButtonNormal
16/10/2017 20:45:05 (Std) 	[ImageManager] Deleted image: TaharezLook/PopupMenuFrameBottom
16/10/2017 20:45:05 (Std) 	[ImageManager] Deleted image: TaharezLook/TabButtonLowerNormal
16/10/2017 20:45:05 (Std) 	[ImageManager] Deleted image: TaharezLook/TabButtonRightNormal
16/10/2017 20:45:05 (Std) 	[ImageManager] Deleted image: TaharezLook/TabButtonUpperNormal
16/10/2017 20:45:05 (Std) 	[ImageManager] Deleted image: TaharezLook/TabContentPaneMiddle
16/10/2017 20:45:05 (Std) 	[ImageManager] Deleted image: TaharezLook/VertScrollBarSegment
16/10/2017 20:45:05 (Std) 	[ImageManager] Deleted image: TaharezLook/VertScrollDownNormal
16/10/2017 20:45:05 (Std) 	[ImageManager] Deleted image: TaharezLook/VertScrollThumbHover
16/10/2017 20:45:05 (Std) 	[ImageManager] Deleted image: TaharezLook/VertSliderThumbHover
16/10/2017 20:45:05 (Std) 	[ImageManager] Deleted image: TaharezLook/ButtonMiddleHighlight
16/10/2017 20:45:05 (Std) 	[ImageManager] Deleted image: TaharezLook/ComboboxDividerMiddle
16/10/2017 20:45:05 (Std) 	[ImageManager] Deleted image: TaharezLook/ListboxSelectionBrush
16/10/2017 20:45:05 (Std) 	[ImageManager] Deleted image: TaharezLook/MiniVertScrollUpHover
16/10/2017 20:45:05 (Std) 	[ImageManager] Deleted image: TaharezLook/MultiLineEditboxRight
16/10/2017 20:45:05 (Std) 	[ImageManager] Deleted image: TaharezLook/NewCloseButtonPressed
16/10/2017 20:45:05 (Std) 	[ImageManager] Deleted image: TaharezLook/PopupMenuFrameTopLeft
16/10/2017 20:45:05 (Std) 	[ImageManager] Deleted image: TaharezLook/ProgressBarDimSegment
16/10/2017 20:45:05 (Std) 	[ImageManager] Deleted image: TaharezLook/ProgressBarLitSegment
16/10/2017 20:45:05 (Std) 	[ImageManager] Deleted image: TaharezLook/TabButtonLeftSelected
16/10/2017 20:45:05 (Std) 	[ImageManager] Deleted image: TaharezLook/TabButtonMiddleNormal
16/10/2017 20:45:05 (Std) 	[ImageManager] Deleted image: TaharezLook/VertScrollThumbNormal
16/10/2017 20:45:05 (Std) 	[ImageManager] Deleted image: TaharezLook/VertSliderThumbNormal
16/10/2017 20:45:05 (Std) 	[ImageManager] Deleted image: TaharezLook/ComboboxListBottomLeft
16/10/2017 20:45:05 (Std) 	[ImageManager] Deleted image: TaharezLook/ComboboxSelectionBrush
16/10/2017 20:45:05 (Std) 	[ImageManager] Deleted image: TaharezLook/HeaderBarBackdropHover
16/10/2017 20:45:05 (Std) 	[ImageManager] Deleted image: TaharezLook/HeaderBarSplitterHover
16/10/2017 20:45:05 (Std) 	[ImageManager] Deleted image: TaharezLook/MiniVertScrollUpNormal
16/10/2017 20:45:05 (Std) 	[ImageManager] Deleted image: TaharezLook/MultiLineEditboxBottom
16/10/2017 20:45:05 (Std) 	[ImageManager] Deleted image: TaharezLook/PopupMenuFrameTopRight
16/10/2017 20:45:05 (Std) 	[ImageManager] Deleted image: TaharezLook/TabButtonLowerSelected
16/10/2017 20:45:05 (Std) 	[ImageManager] Deleted image: TaharezLook/TabButtonRightSelected
16/10/2017 20:45:05 (Std) 	[ImageManager] Deleted image: TaharezLook/TabButtonUpperSelected
16/10/2017 20:45:05 (Std) 	[ImageManager] Deleted image: TaharezLook/ComboboxListBottomRight
16/10/2017 20:45:05 (Std) 	[ImageManager] Deleted image: TaharezLook/ComboboxListButtonHover
16/10/2017 20:45:05 (Std) 	[ImageManager] Deleted image: TaharezLook/HeaderBarBackdropNormal
16/10/2017 20:45:05 (Std) 	[ImageManager] Deleted image: TaharezLook/HeaderBarSplitterNormal
16/10/2017 20:45:05 (Std) 	[ImageManager] Deleted image: TaharezLook/MiniHorzScrollLeftHover
16/10/2017 20:45:05 (Std) 	[ImageManager] Deleted image: TaharezLook/MiniVertScrollDownHover
16/10/2017 20:45:05 (Std) 	[ImageManager] Deleted image: TaharezLook/MultiLineEditboxTopLeft
16/10/2017 20:45:05 (Std) 	[ImageManager] Deleted image: TaharezLook/MultiListSelectionBrush
16/10/2017 20:45:05 (Std) 	[ImageManager] Deleted image: TaharezLook/TabButtonMiddleSelected
16/10/2017 20:45:05 (Std) 	[ImageManager] Deleted image: TaharezLook/TabContentPaneLowerLeft
16/10/2017 20:45:05 (Std) 	[ImageManager] Deleted image: TaharezLook/TabContentPaneUpperLeft
16/10/2017 20:45:05 (Std) 	[ImageManager] Deleted image: TaharezLook/ComboboxListButtonNormal
16/10/2017 20:45:05 (Std) 	[ImageManager] Deleted image: TaharezLook/MiniHorzScrollBarSegment
16/10/2017 20:45:05 (Std) 	[ImageManager] Deleted image: TaharezLook/MiniHorzScrollLeftNormal
16/10/2017 20:45:05 (Std) 	[ImageManager] Deleted image: TaharezLook/MiniHorzScrollRightHover
16/10/2017 20:45:05 (Std) 	[ImageManager] Deleted image: TaharezLook/MiniHorzScrollThumbHover
16/10/2017 20:45:05 (Std) 	[ImageManager] Deleted image: TaharezLook/MiniVertScrollBarSegment
16/10/2017 20:45:05 (Std) 	[ImageManager] Deleted image: TaharezLook/MiniVertScrollDownNormal
16/10/2017 20:45:05 (Std) 	[ImageManager] Deleted image: TaharezLook/MiniVertScrollThumbHover
16/10/2017 20:45:05 (Std) 	[ImageManager] Deleted image: TaharezLook/MultiLineEditboxBackdrop
16/10/2017 20:45:05 (Std) 	[ImageManager] Deleted image: TaharezLook/MultiLineEditboxTopRight
16/10/2017 20:45:05 (Std) 	[ImageManager] Deleted image: TaharezLook/PopupMenuFrameBottomLeft
16/10/2017 20:45:05 (Std) 	[ImageManager] Deleted image: TaharezLook/TabButtonLowerLeftNormal
16/10/2017 20:45:05 (Std) 	[ImageManager] Deleted image: TaharezLook/TabButtonScrollLeftHover
16/10/2017 20:45:05 (Std) 	[ImageManager] Deleted image: TaharezLook/TabButtonUpperLeftNormal
16/10/2017 20:45:05 (Std) 	[ImageManager] Deleted image: TaharezLook/TabContentPaneLowerRight
16/10/2017 20:45:05 (Std) 	[ImageManager] Deleted image: TaharezLook/TabContentPaneUpperRight
16/10/2017 20:45:05 (Std) 	[ImageManager] Deleted image: TaharezLook/MiniHorzScrollRightNormal
16/10/2017 20:45:05 (Std) 	[ImageManager] Deleted image: TaharezLook/MiniHorzScrollThumbNormal
16/10/2017 20:45:05 (Std) 	[ImageManager] Deleted image: TaharezLook/MiniVertScrollThumbNormal
16/10/2017 20:45:05 (Std) 	[ImageManager] Deleted image: TaharezLook/PopupMenuFrameBottomRight
16/10/2017 20:45:05 (Std) 	[ImageManager] Deleted image: TaharezLook/TabButtonLowerRightNormal
16/10/2017 20:45:05 (Std) 	[ImageManager] Deleted image: TaharezLook/TabButtonScrollLeftNormal
16/10/2017 20:45:05 (Std) 	[ImageManager] Deleted image: TaharezLook/TabButtonScrollRightHover
16/10/2017 20:45:05 (Std) 	[ImageManager] Deleted image: TaharezLook/TabButtonUpperLeft2Normal
16/10/2017 20:45:05 (Std) 	[ImageManager] Deleted image: TaharezLook/TabButtonUpperRightNormal
16/10/2017 20:45:05 (Std) 	[ImageManager] Deleted image: TaharezLook/MultiLineEditboxBottomLeft
16/10/2017 20:45:05 (Std) 	[ImageManager] Deleted image: TaharezLook/TabButtonLowerLeftSelected
16/10/2017 20:45:05 (Std) 	[ImageManager] Deleted image: TaharezLook/TabButtonLowerRight2Normal
16/10/2017 20:45:05 (Std) 	[ImageManager] Deleted image: TaharezLook/TabButtonScrollRightNormal
16/10/2017 20:45:05 (Std) 	[ImageManager] Deleted image: TaharezLook/TabButtonUpperLeftSelected
16/10/2017 20:45:05 (Std) 	[ImageManager] Deleted image: TaharezLook/MiniVertScrollThumbTopHover
16/10/2017 20:45:05 (Std) 	[ImageManager] Deleted image: TaharezLook/MultiLineEditboxBottomRight
16/10/2017 20:45:05 (Std) 	[ImageManager] Deleted image: TaharezLook/TabButtonLowerRightSelected
16/10/2017 20:45:05 (Std) 	[ImageManager] Deleted image: TaharezLook/TabButtonUpperRightSelected
16/10/2017 20:45:05 (Std) 	[ImageManager] Deleted image: TaharezLook/MiniHorzScrollThumbLeftHover
16/10/2017 20:45:05 (Std) 	[ImageManager] Deleted image: TaharezLook/MiniVertScrollThumbTopNormal
16/10/2017 20:45:05 (Std) 	[ImageManager] Deleted image: TaharezLook/MiniHorzScrollThumbLeftNormal
16/10/2017 20:45:05 (Std) 	[ImageManager] Deleted image: TaharezLook/MiniHorzScrollThumbRightHover
16/10/2017 20:45:05 (Std) 	[ImageManager] Deleted image: TaharezLook/MiniHorzScrollThumbMiddleHover
16/10/2017 20:45:05 (Std) 	[ImageManager] Deleted image: TaharezLook/MiniHorzScrollThumbRightNormal
16/10/2017 20:45:05 (Std) 	[ImageManager] Deleted image: TaharezLook/MiniVertScrollThumbBottomHover
16/10/2017 20:45:05 (Std) 	[ImageManager] Deleted image: TaharezLook/MiniVertScrollThumbMiddleHover
16/10/2017 20:45:05 (Std) 	[ImageManager] Deleted image: TaharezLook/MultiLineEditboxSelectionBrush
16/10/2017 20:45:05 (Std) 	[ImageManager] Deleted image: TaharezLook/MiniHorzScrollThumbMiddleNormal
16/10/2017 20:45:05 (Std) 	[ImageManager] Deleted image: TaharezLook/MiniVertScrollThumbBottomNormal
16/10/2017 20:45:05 (Std) 	[ImageManager] Deleted image: TaharezLook/MiniVertScrollThumbMiddleNormal
16/10/2017 20:45:05 (Std) 	[CEGUI::ImageManager] Unregistered Image type: BasicImage
16/10/2017 20:45:05 (Std) 	[CEGUI::ImageManager] Singleton destroyed (0x2439c30)
16/10/2017 20:45:05 (Std) 	CEGUI::GlobalEventSet singleton destroyed. (0x25628e0)
16/10/2017 20:45:05 (Std) 	CEGUI::System singleton destroyed. (0x253ec80)
16/10/2017 20:45:05 (Std) 	---- CEGUI System destruction completed ----
16/10/2017 20:45:05 (Std) 	CEGUI::Logger singleton destroyed. (0x253f720)
